Start testing: Apr 29 15:55 PDT
----------------------------------------------------------
1/78 Testing: PriceLevel.PushBackIncreasesVolume
1/78 Test: PriceLevel.PushBackIncreasesVolume
Command: "/Users/khushalarora/Documents/Career/Project_1/lob-engine/build_release/tests/lob_tests" "--gtest_filter=PriceLevel.PushBackIncreasesVolume" "--gtest_also_run_disabled_tests"
Directory: /Users/khushalarora/Documents/Career/Project_1/lob-engine
"PriceLevel.PushBackIncreasesVolume" start time: Apr 29 15:55 PDT
Output:
----------------------------------------------------------
Note: Google Test filter = PriceLevel.PushBackIncreasesVolume
[==========] Running 1 test from 1 test suite.
[----------] Global test environment set-up.
[----------] 1 test from PriceLevel
[ RUN      ] PriceLevel.PushBackIncreasesVolume
[       OK ] PriceLevel.PushBackIncreasesVolume (0 ms)
[----------] 1 test from PriceLevel (0 ms total)

[----------] Global test environment tear-down
[==========] 1 test from 1 test suite ran. (0 ms total)
[  PASSED  ] 1 test.
<end of output>
Test time =   0.18 sec
----------------------------------------------------------
Test Passed.
"PriceLevel.PushBackIncreasesVolume" end time: Apr 29 15:55 PDT
"PriceLevel.PushBackIncreasesVolume" time elapsed: 00:00:00
----------------------------------------------------------

2/78 Testing: PriceLevel.MultipleOrders
2/78 Test: PriceLevel.MultipleOrders
Command: "/Users/khushalarora/Documents/Career/Project_1/lob-engine/build_release/tests/lob_tests" "--gtest_filter=PriceLevel.MultipleOrders" "--gtest_also_run_disabled_tests"
Directory: /Users/khushalarora/Documents/Career/Project_1/lob-engine
"PriceLevel.MultipleOrders" start time: Apr 29 15:55 PDT
Output:
----------------------------------------------------------
Note: Google Test filter = PriceLevel.MultipleOrders
[==========] Running 1 test from 1 test suite.
[----------] Global test environment set-up.
[----------] 1 test from PriceLevel
[ RUN      ] PriceLevel.MultipleOrders
[       OK ] PriceLevel.MultipleOrders (0 ms)
[----------] 1 test from PriceLevel (0 ms total)

[----------] Global test environment tear-down
[==========] 1 test from 1 test suite ran. (0 ms total)
[  PASSED  ] 1 test.
<end of output>
Test time =   0.00 sec
----------------------------------------------------------
Test Passed.
"PriceLevel.MultipleOrders" end time: Apr 29 15:55 PDT
"PriceLevel.MultipleOrders" time elapsed: 00:00:00
----------------------------------------------------------

3/78 Testing: PriceLevel.PopFrontDecreasesVolumeAndRemovesFront
3/78 Test: PriceLevel.PopFrontDecreasesVolumeAndRemovesFront
Command: "/Users/khushalarora/Documents/Career/Project_1/lob-engine/build_release/tests/lob_tests" "--gtest_filter=PriceLevel.PopFrontDecreasesVolumeAndRemovesFront" "--gtest_also_run_disabled_tests"
Directory: /Users/khushalarora/Documents/Career/Project_1/lob-engine
"PriceLevel.PopFrontDecreasesVolumeAndRemovesFront" start time: Apr 29 15:55 PDT
Output:
----------------------------------------------------------
Note: Google Test filter = PriceLevel.PopFrontDecreasesVolumeAndRemovesFront
[==========] Running 1 test from 1 test suite.
[----------] Global test environment set-up.
[----------] 1 test from PriceLevel
[ RUN      ] PriceLevel.PopFrontDecreasesVolumeAndRemovesFront
[       OK ] PriceLevel.PopFrontDecreasesVolumeAndRemovesFront (0 ms)
[----------] 1 test from PriceLevel (0 ms total)

[----------] Global test environment tear-down
[==========] 1 test from 1 test suite ran. (0 ms total)
[  PASSED  ] 1 test.
<end of output>
Test time =   0.00 sec
----------------------------------------------------------
Test Passed.
"PriceLevel.PopFrontDecreasesVolumeAndRemovesFront" end time: Apr 29 15:55 PDT
"PriceLevel.PopFrontDecreasesVolumeAndRemovesFront" time elapsed: 00:00:00
----------------------------------------------------------

4/78 Testing: PriceLevel.RemoveByIdUpdatesVolume
4/78 Test: PriceLevel.RemoveByIdUpdatesVolume
Command: "/Users/khushalarora/Documents/Career/Project_1/lob-engine/build_release/tests/lob_tests" "--gtest_filter=PriceLevel.RemoveByIdUpdatesVolume" "--gtest_also_run_disabled_tests"
Directory: /Users/khushalarora/Documents/Career/Project_1/lob-engine
"PriceLevel.RemoveByIdUpdatesVolume" start time: Apr 29 15:55 PDT
Output:
----------------------------------------------------------
Note: Google Test filter = PriceLevel.RemoveByIdUpdatesVolume
[==========] Running 1 test from 1 test suite.
[----------] Global test environment set-up.
[----------] 1 test from PriceLevel
[ RUN      ] PriceLevel.RemoveByIdUpdatesVolume
[       OK ] PriceLevel.RemoveByIdUpdatesVolume (0 ms)
[----------] 1 test from PriceLevel (0 ms total)

[----------] Global test environment tear-down
[==========] 1 test from 1 test suite ran. (0 ms total)
[  PASSED  ] 1 test.
<end of output>
Test time =   0.00 sec
----------------------------------------------------------
Test Passed.
"PriceLevel.RemoveByIdUpdatesVolume" end time: Apr 29 15:55 PDT
"PriceLevel.RemoveByIdUpdatesVolume" time elapsed: 00:00:00
----------------------------------------------------------

5/78 Testing: PriceLevel.EmptyAfterAllRemoved
5/78 Test: PriceLevel.EmptyAfterAllRemoved
Command: "/Users/khushalarora/Documents/Career/Project_1/lob-engine/build_release/tests/lob_tests" "--gtest_filter=PriceLevel.EmptyAfterAllRemoved" "--gtest_also_run_disabled_tests"
Directory: /Users/khushalarora/Documents/Career/Project_1/lob-engine
"PriceLevel.EmptyAfterAllRemoved" start time: Apr 29 15:55 PDT
Output:
----------------------------------------------------------
Note: Google Test filter = PriceLevel.EmptyAfterAllRemoved
[==========] Running 1 test from 1 test suite.
[----------] Global test environment set-up.
[----------] 1 test from PriceLevel
[ RUN      ] PriceLevel.EmptyAfterAllRemoved
[       OK ] PriceLevel.EmptyAfterAllRemoved (0 ms)
[----------] 1 test from PriceLevel (0 ms total)

[----------] Global test environment tear-down
[==========] 1 test from 1 test suite ran. (0 ms total)
[  PASSED  ] 1 test.
<end of output>
Test time =   0.00 sec
----------------------------------------------------------
Test Passed.
"PriceLevel.EmptyAfterAllRemoved" end time: Apr 29 15:55 PDT
"PriceLevel.EmptyAfterAllRemoved" time elapsed: 00:00:00
----------------------------------------------------------

6/78 Testing: PriceLevel.FifoOrder
6/78 Test: PriceLevel.FifoOrder
Command: "/Users/khushalarora/Documents/Career/Project_1/lob-engine/build_release/tests/lob_tests" "--gtest_filter=PriceLevel.FifoOrder" "--gtest_also_run_disabled_tests"
Directory: /Users/khushalarora/Documents/Career/Project_1/lob-engine
"PriceLevel.FifoOrder" start time: Apr 29 15:55 PDT
Output:
----------------------------------------------------------
Note: Google Test filter = PriceLevel.FifoOrder
[==========] Running 1 test from 1 test suite.
[----------] Global test environment set-up.
[----------] 1 test from PriceLevel
[ RUN      ] PriceLevel.FifoOrder
[       OK ] PriceLevel.FifoOrder (0 ms)
[----------] 1 test from PriceLevel (0 ms total)

[----------] Global test environment tear-down
[==========] 1 test from 1 test suite ran. (0 ms total)
[  PASSED  ] 1 test.
<end of output>
Test time =   0.00 sec
----------------------------------------------------------
Test Passed.
"PriceLevel.FifoOrder" end time: Apr 29 15:55 PDT
"PriceLevel.FifoOrder" time elapsed: 00:00:00
----------------------------------------------------------

7/78 Testing: PriceLevel.ReduceFrontVolumeDoesNotPop
7/78 Test: PriceLevel.ReduceFrontVolumeDoesNotPop
Command: "/Users/khushalarora/Documents/Career/Project_1/lob-engine/build_release/tests/lob_tests" "--gtest_filter=PriceLevel.ReduceFrontVolumeDoesNotPop" "--gtest_also_run_disabled_tests"
Directory: /Users/khushalarora/Documents/Career/Project_1/lob-engine
"PriceLevel.ReduceFrontVolumeDoesNotPop" start time: Apr 29 15:55 PDT
Output:
----------------------------------------------------------
Note: Google Test filter = PriceLevel.ReduceFrontVolumeDoesNotPop
[==========] Running 1 test from 1 test suite.
[----------] Global test environment set-up.
[----------] 1 test from PriceLevel
[ RUN      ] PriceLevel.ReduceFrontVolumeDoesNotPop
[       OK ] PriceLevel.ReduceFrontVolumeDoesNotPop (0 ms)
[----------] 1 test from PriceLevel (0 ms total)

[----------] Global test environment tear-down
[==========] 1 test from 1 test suite ran. (0 ms total)
[  PASSED  ] 1 test.
<end of output>
Test time =   0.00 sec
----------------------------------------------------------
Test Passed.
"PriceLevel.ReduceFrontVolumeDoesNotPop" end time: Apr 29 15:55 PDT
"PriceLevel.ReduceFrontVolumeDoesNotPop" time elapsed: 00:00:00
----------------------------------------------------------

8/78 Testing: OrderBook.InsertBuyAppearsBidSide
8/78 Test: OrderBook.InsertBuyAppearsBidSide
Command: "/Users/khushalarora/Documents/Career/Project_1/lob-engine/build_release/tests/lob_tests" "--gtest_filter=OrderBook.InsertBuyAppearsBidSide" "--gtest_also_run_disabled_tests"
Directory: /Users/khushalarora/Documents/Career/Project_1/lob-engine
"OrderBook.InsertBuyAppearsBidSide" start time: Apr 29 15:55 PDT
Output:
----------------------------------------------------------
Note: Google Test filter = OrderBook.InsertBuyAppearsBidSide
[==========] Running 1 test from 1 test suite.
[----------] Global test environment set-up.
[----------] 1 test from OrderBook
[ RUN      ] OrderBook.InsertBuyAppearsBidSide
[       OK ] OrderBook.InsertBuyAppearsBidSide (0 ms)
[----------] 1 test from OrderBook (0 ms total)

[----------] Global test environment tear-down
[==========] 1 test from 1 test suite ran. (0 ms total)
[  PASSED  ] 1 test.
<end of output>
Test time =   0.00 sec
----------------------------------------------------------
Test Passed.
"OrderBook.InsertBuyAppearsBidSide" end time: Apr 29 15:55 PDT
"OrderBook.InsertBuyAppearsBidSide" time elapsed: 00:00:00
----------------------------------------------------------

9/78 Testing: OrderBook.InsertSellAppearsAskSide
9/78 Test: OrderBook.InsertSellAppearsAskSide
Command: "/Users/khushalarora/Documents/Career/Project_1/lob-engine/build_release/tests/lob_tests" "--gtest_filter=OrderBook.InsertSellAppearsAskSide" "--gtest_also_run_disabled_tests"
Directory: /Users/khushalarora/Documents/Career/Project_1/lob-engine
"OrderBook.InsertSellAppearsAskSide" start time: Apr 29 15:55 PDT
Output:
----------------------------------------------------------
Note: Google Test filter = OrderBook.InsertSellAppearsAskSide
[==========] Running 1 test from 1 test suite.
[----------] Global test environment set-up.
[----------] 1 test from OrderBook
[ RUN      ] OrderBook.InsertSellAppearsAskSide
[       OK ] OrderBook.InsertSellAppearsAskSide (0 ms)
[----------] 1 test from OrderBook (0 ms total)

[----------] Global test environment tear-down
[==========] 1 test from 1 test suite ran. (0 ms total)
[  PASSED  ] 1 test.
<end of output>
Test time =   0.00 sec
----------------------------------------------------------
Test Passed.
"OrderBook.InsertSellAppearsAskSide" end time: Apr 29 15:55 PDT
"OrderBook.InsertSellAppearsAskSide" time elapsed: 00:00:00
----------------------------------------------------------

10/78 Testing: OrderBook.BestBidIsHighestPrice
10/78 Test: OrderBook.BestBidIsHighestPrice
Command: "/Users/khushalarora/Documents/Career/Project_1/lob-engine/build_release/tests/lob_tests" "--gtest_filter=OrderBook.BestBidIsHighestPrice" "--gtest_also_run_disabled_tests"
Directory: /Users/khushalarora/Documents/Career/Project_1/lob-engine
"OrderBook.BestBidIsHighestPrice" start time: Apr 29 15:55 PDT
Output:
----------------------------------------------------------
Note: Google Test filter = OrderBook.BestBidIsHighestPrice
[==========] Running 1 test from 1 test suite.
[----------] Global test environment set-up.
[----------] 1 test from OrderBook
[ RUN      ] OrderBook.BestBidIsHighestPrice
[       OK ] OrderBook.BestBidIsHighestPrice (0 ms)
[----------] 1 test from OrderBook (0 ms total)

[----------] Global test environment tear-down
[==========] 1 test from 1 test suite ran. (0 ms total)
[  PASSED  ] 1 test.
<end of output>
Test time =   0.00 sec
----------------------------------------------------------
Test Passed.
"OrderBook.BestBidIsHighestPrice" end time: Apr 29 15:55 PDT
"OrderBook.BestBidIsHighestPrice" time elapsed: 00:00:00
----------------------------------------------------------

11/78 Testing: OrderBook.BestAskIsLowestPrice
11/78 Test: OrderBook.BestAskIsLowestPrice
Command: "/Users/khushalarora/Documents/Career/Project_1/lob-engine/build_release/tests/lob_tests" "--gtest_filter=OrderBook.BestAskIsLowestPrice" "--gtest_also_run_disabled_tests"
Directory: /Users/khushalarora/Documents/Career/Project_1/lob-engine
"OrderBook.BestAskIsLowestPrice" start time: Apr 29 15:55 PDT
Output:
----------------------------------------------------------
Note: Google Test filter = OrderBook.BestAskIsLowestPrice
[==========] Running 1 test from 1 test suite.
[----------] Global test environment set-up.
[----------] 1 test from OrderBook
[ RUN      ] OrderBook.BestAskIsLowestPrice
[       OK ] OrderBook.BestAskIsLowestPrice (0 ms)
[----------] 1 test from OrderBook (0 ms total)

[----------] Global test environment tear-down
[==========] 1 test from 1 test suite ran. (0 ms total)
[  PASSED  ] 1 test.
<end of output>
Test time =   0.00 sec
----------------------------------------------------------
Test Passed.
"OrderBook.BestAskIsLowestPrice" end time: Apr 29 15:55 PDT
"OrderBook.BestAskIsLowestPrice" time elapsed: 00:00:00
----------------------------------------------------------

12/78 Testing: OrderBook.CancelOrderRemovesFromBook
12/78 Test: OrderBook.CancelOrderRemovesFromBook
Command: "/Users/khushalarora/Documents/Career/Project_1/lob-engine/build_release/tests/lob_tests" "--gtest_filter=OrderBook.CancelOrderRemovesFromBook" "--gtest_also_run_disabled_tests"
Directory: /Users/khushalarora/Documents/Career/Project_1/lob-engine
"OrderBook.CancelOrderRemovesFromBook" start time: Apr 29 15:55 PDT
Output:
----------------------------------------------------------
Note: Google Test filter = OrderBook.CancelOrderRemovesFromBook
[==========] Running 1 test from 1 test suite.
[----------] Global test environment set-up.
[----------] 1 test from OrderBook
[ RUN      ] OrderBook.CancelOrderRemovesFromBook
[       OK ] OrderBook.CancelOrderRemovesFromBook (0 ms)
[----------] 1 test from OrderBook (0 ms total)

[----------] Global test environment tear-down
[==========] 1 test from 1 test suite ran. (0 ms total)
[  PASSED  ] 1 test.
<end of output>
Test time =   0.00 sec
----------------------------------------------------------
Test Passed.
"OrderBook.CancelOrderRemovesFromBook" end time: Apr 29 15:55 PDT
"OrderBook.CancelOrderRemovesFromBook" time elapsed: 00:00:00
----------------------------------------------------------

13/78 Testing: OrderBook.CancelNonExistentReturnsFalse
13/78 Test: OrderBook.CancelNonExistentReturnsFalse
Command: "/Users/khushalarora/Documents/Career/Project_1/lob-engine/build_release/tests/lob_tests" "--gtest_filter=OrderBook.CancelNonExistentReturnsFalse" "--gtest_also_run_disabled_tests"
Directory: /Users/khushalarora/Documents/Career/Project_1/lob-engine
"OrderBook.CancelNonExistentReturnsFalse" start time: Apr 29 15:55 PDT
Output:
----------------------------------------------------------
Note: Google Test filter = OrderBook.CancelNonExistentReturnsFalse
[==========] Running 1 test from 1 test suite.
[----------] Global test environment set-up.
[----------] 1 test from OrderBook
[ RUN      ] OrderBook.CancelNonExistentReturnsFalse
[       OK ] OrderBook.CancelNonExistentReturnsFalse (0 ms)
[----------] 1 test from OrderBook (0 ms total)

[----------] Global test environment tear-down
[==========] 1 test from 1 test suite ran. (0 ms total)
[  PASSED  ] 1 test.
<end of output>
Test time =   0.00 sec
----------------------------------------------------------
Test Passed.
"OrderBook.CancelNonExistentReturnsFalse" end time: Apr 29 15:55 PDT
"OrderBook.CancelNonExistentReturnsFalse" time elapsed: 00:00:00
----------------------------------------------------------

14/78 Testing: OrderBook.EmptyBookReturnsNullopt
14/78 Test: OrderBook.EmptyBookReturnsNullopt
Command: "/Users/khushalarora/Documents/Career/Project_1/lob-engine/build_release/tests/lob_tests" "--gtest_filter=OrderBook.EmptyBookReturnsNullopt" "--gtest_also_run_disabled_tests"
Directory: /Users/khushalarora/Documents/Career/Project_1/lob-engine
"OrderBook.EmptyBookReturnsNullopt" start time: Apr 29 15:55 PDT
Output:
----------------------------------------------------------
Note: Google Test filter = OrderBook.EmptyBookReturnsNullopt
[==========] Running 1 test from 1 test suite.
[----------] Global test environment set-up.
[----------] 1 test from OrderBook
[ RUN      ] OrderBook.EmptyBookReturnsNullopt
[       OK ] OrderBook.EmptyBookReturnsNullopt (0 ms)
[----------] 1 test from OrderBook (0 ms total)

[----------] Global test environment tear-down
[==========] 1 test from 1 test suite ran. (0 ms total)
[  PASSED  ] 1 test.
<end of output>
Test time =   0.00 sec
----------------------------------------------------------
Test Passed.
"OrderBook.EmptyBookReturnsNullopt" end time: Apr 29 15:55 PDT
"OrderBook.EmptyBookReturnsNullopt" time elapsed: 00:00:00
----------------------------------------------------------

15/78 Testing: OrderBook.MidPriceAndSpread
15/78 Test: OrderBook.MidPriceAndSpread
Command: "/Users/khushalarora/Documents/Career/Project_1/lob-engine/build_release/tests/lob_tests" "--gtest_filter=OrderBook.MidPriceAndSpread" "--gtest_also_run_disabled_tests"
Directory: /Users/khushalarora/Documents/Career/Project_1/lob-engine
"OrderBook.MidPriceAndSpread" start time: Apr 29 15:55 PDT
Output:
----------------------------------------------------------
Note: Google Test filter = OrderBook.MidPriceAndSpread
[==========] Running 1 test from 1 test suite.
[----------] Global test environment set-up.
[----------] 1 test from OrderBook
[ RUN      ] OrderBook.MidPriceAndSpread
[       OK ] OrderBook.MidPriceAndSpread (0 ms)
[----------] 1 test from OrderBook (0 ms total)

[----------] Global test environment tear-down
[==========] 1 test from 1 test suite ran. (0 ms total)
[  PASSED  ] 1 test.
<end of output>
Test time =   0.00 sec
----------------------------------------------------------
Test Passed.
"OrderBook.MidPriceAndSpread" end time: Apr 29 15:55 PDT
"OrderBook.MidPriceAndSpread" time elapsed: 00:00:00
----------------------------------------------------------

16/78 Testing: OrderBook.HasOrder
16/78 Test: OrderBook.HasOrder
Command: "/Users/khushalarora/Documents/Career/Project_1/lob-engine/build_release/tests/lob_tests" "--gtest_filter=OrderBook.HasOrder" "--gtest_also_run_disabled_tests"
Directory: /Users/khushalarora/Documents/Career/Project_1/lob-engine
"OrderBook.HasOrder" start time: Apr 29 15:55 PDT
Output:
----------------------------------------------------------
Note: Google Test filter = OrderBook.HasOrder
[==========] Running 1 test from 1 test suite.
[----------] Global test environment set-up.
[----------] 1 test from OrderBook
[ RUN      ] OrderBook.HasOrder
[       OK ] OrderBook.HasOrder (0 ms)
[----------] 1 test from OrderBook (0 ms total)

[----------] Global test environment tear-down
[==========] 1 test from 1 test suite ran. (0 ms total)
[  PASSED  ] 1 test.
<end of output>
Test time =   0.00 sec
----------------------------------------------------------
Test Passed.
"OrderBook.HasOrder" end time: Apr 29 15:55 PDT
"OrderBook.HasOrder" time elapsed: 00:00:00
----------------------------------------------------------

17/78 Testing: MatchingEngineLimit.NoMatchBuyBelowAsk
17/78 Test: MatchingEngineLimit.NoMatchBuyBelowAsk
Command: "/Users/khushalarora/Documents/Career/Project_1/lob-engine/build_release/tests/lob_tests" "--gtest_filter=MatchingEngineLimit.NoMatchBuyBelowAsk" "--gtest_also_run_disabled_tests"
Directory: /Users/khushalarora/Documents/Career/Project_1/lob-engine
"MatchingEngineLimit.NoMatchBuyBelowAsk" start time: Apr 29 15:55 PDT
Output:
----------------------------------------------------------
Note: Google Test filter = MatchingEngineLimit.NoMatchBuyBelowAsk
[==========] Running 1 test from 1 test suite.
[----------] Global test environment set-up.
[----------] 1 test from MatchingEngineLimit
[ RUN      ] MatchingEngineLimit.NoMatchBuyBelowAsk
[       OK ] MatchingEngineLimit.NoMatchBuyBelowAsk (0 ms)
[----------] 1 test from MatchingEngineLimit (0 ms total)

[----------] Global test environment tear-down
[==========] 1 test from 1 test suite ran. (0 ms total)
[  PASSED  ] 1 test.
<end of output>
Test time =   0.00 sec
----------------------------------------------------------
Test Passed.
"MatchingEngineLimit.NoMatchBuyBelowAsk" end time: Apr 29 15:55 PDT
"MatchingEngineLimit.NoMatchBuyBelowAsk" time elapsed: 00:00:00
----------------------------------------------------------

18/78 Testing: MatchingEngineLimit.NoMatchSellAboveBid
18/78 Test: MatchingEngineLimit.NoMatchSellAboveBid
Command: "/Users/khushalarora/Documents/Career/Project_1/lob-engine/build_release/tests/lob_tests" "--gtest_filter=MatchingEngineLimit.NoMatchSellAboveBid" "--gtest_also_run_disabled_tests"
Directory: /Users/khushalarora/Documents/Career/Project_1/lob-engine
"MatchingEngineLimit.NoMatchSellAboveBid" start time: Apr 29 15:55 PDT
Output:
----------------------------------------------------------
Note: Google Test filter = MatchingEngineLimit.NoMatchSellAboveBid
[==========] Running 1 test from 1 test suite.
[----------] Global test environment set-up.
[----------] 1 test from MatchingEngineLimit
[ RUN      ] MatchingEngineLimit.NoMatchSellAboveBid
[       OK ] MatchingEngineLimit.NoMatchSellAboveBid (0 ms)
[----------] 1 test from MatchingEngineLimit (0 ms total)

[----------] Global test environment tear-down
[==========] 1 test from 1 test suite ran. (0 ms total)
[  PASSED  ] 1 test.
<end of output>
Test time =   0.00 sec
----------------------------------------------------------
Test Passed.
"MatchingEngineLimit.NoMatchSellAboveBid" end time: Apr 29 15:55 PDT
"MatchingEngineLimit.NoMatchSellAboveBid" time elapsed: 00:00:00
----------------------------------------------------------

19/78 Testing: MatchingEngineLimit.FullMatch
19/78 Test: MatchingEngineLimit.FullMatch
Command: "/Users/khushalarora/Documents/Career/Project_1/lob-engine/build_release/tests/lob_tests" "--gtest_filter=MatchingEngineLimit.FullMatch" "--gtest_also_run_disabled_tests"
Directory: /Users/khushalarora/Documents/Career/Project_1/lob-engine
"MatchingEngineLimit.FullMatch" start time: Apr 29 15:55 PDT
Output:
----------------------------------------------------------
Note: Google Test filter = MatchingEngineLimit.FullMatch
[==========] Running 1 test from 1 test suite.
[----------] Global test environment set-up.
[----------] 1 test from MatchingEngineLimit
[ RUN      ] MatchingEngineLimit.FullMatch
[       OK ] MatchingEngineLimit.FullMatch (0 ms)
[----------] 1 test from MatchingEngineLimit (0 ms total)

[----------] Global test environment tear-down
[==========] 1 test from 1 test suite ran. (0 ms total)
[  PASSED  ] 1 test.
<end of output>
Test time =   0.00 sec
----------------------------------------------------------
Test Passed.
"MatchingEngineLimit.FullMatch" end time: Apr 29 15:55 PDT
"MatchingEngineLimit.FullMatch" time elapsed: 00:00:00
----------------------------------------------------------

20/78 Testing: MatchingEngineLimit.PartialMatchAggressorSmaller
20/78 Test: MatchingEngineLimit.PartialMatchAggressorSmaller
Command: "/Users/khushalarora/Documents/Career/Project_1/lob-engine/build_release/tests/lob_tests" "--gtest_filter=MatchingEngineLimit.PartialMatchAggressorSmaller" "--gtest_also_run_disabled_tests"
Directory: /Users/khushalarora/Documents/Career/Project_1/lob-engine
"MatchingEngineLimit.PartialMatchAggressorSmaller" start time: Apr 29 15:55 PDT
Output:
----------------------------------------------------------
Note: Google Test filter = MatchingEngineLimit.PartialMatchAggressorSmaller
[==========] Running 1 test from 1 test suite.
[----------] Global test environment set-up.
[----------] 1 test from MatchingEngineLimit
[ RUN      ] MatchingEngineLimit.PartialMatchAggressorSmaller
[       OK ] MatchingEngineLimit.PartialMatchAggressorSmaller (0 ms)
[----------] 1 test from MatchingEngineLimit (0 ms total)

[----------] Global test environment tear-down
[==========] 1 test from 1 test suite ran. (0 ms total)
[  PASSED  ] 1 test.
<end of output>
Test time =   0.00 sec
----------------------------------------------------------
Test Passed.
"MatchingEngineLimit.PartialMatchAggressorSmaller" end time: Apr 29 15:55 PDT
"MatchingEngineLimit.PartialMatchAggressorSmaller" time elapsed: 00:00:00
----------------------------------------------------------

21/78 Testing: MatchingEngineLimit.PartialMatchAggressorLarger
21/78 Test: MatchingEngineLimit.PartialMatchAggressorLarger
Command: "/Users/khushalarora/Documents/Career/Project_1/lob-engine/build_release/tests/lob_tests" "--gtest_filter=MatchingEngineLimit.PartialMatchAggressorLarger" "--gtest_also_run_disabled_tests"
Directory: /Users/khushalarora/Documents/Career/Project_1/lob-engine
"MatchingEngineLimit.PartialMatchAggressorLarger" start time: Apr 29 15:55 PDT
Output:
----------------------------------------------------------
Note: Google Test filter = MatchingEngineLimit.PartialMatchAggressorLarger
[==========] Running 1 test from 1 test suite.
[----------] Global test environment set-up.
[----------] 1 test from MatchingEngineLimit
[ RUN      ] MatchingEngineLimit.PartialMatchAggressorLarger
[       OK ] MatchingEngineLimit.PartialMatchAggressorLarger (0 ms)
[----------] 1 test from MatchingEngineLimit (0 ms total)

[----------] Global test environment tear-down
[==========] 1 test from 1 test suite ran. (0 ms total)
[  PASSED  ] 1 test.
<end of output>
Test time =   0.00 sec
----------------------------------------------------------
Test Passed.
"MatchingEngineLimit.PartialMatchAggressorLarger" end time: Apr 29 15:55 PDT
"MatchingEngineLimit.PartialMatchAggressorLarger" time elapsed: 00:00:00
----------------------------------------------------------

22/78 Testing: MatchingEngineLimit.MultiLevelSweep
22/78 Test: MatchingEngineLimit.MultiLevelSweep
Command: "/Users/khushalarora/Documents/Career/Project_1/lob-engine/build_release/tests/lob_tests" "--gtest_filter=MatchingEngineLimit.MultiLevelSweep" "--gtest_also_run_disabled_tests"
Directory: /Users/khushalarora/Documents/Career/Project_1/lob-engine
"MatchingEngineLimit.MultiLevelSweep" start time: Apr 29 15:55 PDT
Output:
----------------------------------------------------------
Note: Google Test filter = MatchingEngineLimit.MultiLevelSweep
[==========] Running 1 test from 1 test suite.
[----------] Global test environment set-up.
[----------] 1 test from MatchingEngineLimit
[ RUN      ] MatchingEngineLimit.MultiLevelSweep
[       OK ] MatchingEngineLimit.MultiLevelSweep (0 ms)
[----------] 1 test from MatchingEngineLimit (0 ms total)

[----------] Global test environment tear-down
[==========] 1 test from 1 test suite ran. (0 ms total)
[  PASSED  ] 1 test.
<end of output>
Test time =   0.00 sec
----------------------------------------------------------
Test Passed.
"MatchingEngineLimit.MultiLevelSweep" end time: Apr 29 15:55 PDT
"MatchingEngineLimit.MultiLevelSweep" time elapsed: 00:00:00
----------------------------------------------------------

23/78 Testing: MatchingEngineLimit.FifoPriority
23/78 Test: MatchingEngineLimit.FifoPriority
Command: "/Users/khushalarora/Documents/Career/Project_1/lob-engine/build_release/tests/lob_tests" "--gtest_filter=MatchingEngineLimit.FifoPriority" "--gtest_also_run_disabled_tests"
Directory: /Users/khushalarora/Documents/Career/Project_1/lob-engine
"MatchingEngineLimit.FifoPriority" start time: Apr 29 15:55 PDT
Output:
----------------------------------------------------------
Note: Google Test filter = MatchingEngineLimit.FifoPriority
[==========] Running 1 test from 1 test suite.
[----------] Global test environment set-up.
[----------] 1 test from MatchingEngineLimit
[ RUN      ] MatchingEngineLimit.FifoPriority
[       OK ] MatchingEngineLimit.FifoPriority (0 ms)
[----------] 1 test from MatchingEngineLimit (0 ms total)

[----------] Global test environment tear-down
[==========] 1 test from 1 test suite ran. (0 ms total)
[  PASSED  ] 1 test.
<end of output>
Test time =   0.00 sec
----------------------------------------------------------
Test Passed.
"MatchingEngineLimit.FifoPriority" end time: Apr 29 15:55 PDT
"MatchingEngineLimit.FifoPriority" time elapsed: 00:00:00
----------------------------------------------------------

24/78 Testing: MatchingEngineLimit.NoBookCrossingInvariant
24/78 Test: MatchingEngineLimit.NoBookCrossingInvariant
Command: "/Users/khushalarora/Documents/Career/Project_1/lob-engine/build_release/tests/lob_tests" "--gtest_filter=MatchingEngineLimit.NoBookCrossingInvariant" "--gtest_also_run_disabled_tests"
Directory: /Users/khushalarora/Documents/Career/Project_1/lob-engine
"MatchingEngineLimit.NoBookCrossingInvariant" start time: Apr 29 15:55 PDT
Output:
----------------------------------------------------------
Note: Google Test filter = MatchingEngineLimit.NoBookCrossingInvariant
[==========] Running 1 test from 1 test suite.
[----------] Global test environment set-up.
[----------] 1 test from MatchingEngineLimit
[ RUN      ] MatchingEngineLimit.NoBookCrossingInvariant
[       OK ] MatchingEngineLimit.NoBookCrossingInvariant (0 ms)
[----------] 1 test from MatchingEngineLimit (0 ms total)

[----------] Global test environment tear-down
[==========] 1 test from 1 test suite ran. (0 ms total)
[  PASSED  ] 1 test.
<end of output>
Test time =   0.00 sec
----------------------------------------------------------
Test Passed.
"MatchingEngineLimit.NoBookCrossingInvariant" end time: Apr 29 15:55 PDT
"MatchingEngineLimit.NoBookCrossingInvariant" time elapsed: 00:00:00
----------------------------------------------------------

25/78 Testing: MatchingEngineMarket.BuyFillsCompletelyAgainstRestingAsk
25/78 Test: MatchingEngineMarket.BuyFillsCompletelyAgainstRestingAsk
Command: "/Users/khushalarora/Documents/Career/Project_1/lob-engine/build_release/tests/lob_tests" "--gtest_filter=MatchingEngineMarket.BuyFillsCompletelyAgainstRestingAsk" "--gtest_also_run_disabled_tests"
Directory: /Users/khushalarora/Documents/Career/Project_1/lob-engine
"MatchingEngineMarket.BuyFillsCompletelyAgainstRestingAsk" start time: Apr 29 15:55 PDT
Output:
----------------------------------------------------------
Note: Google Test filter = MatchingEngineMarket.BuyFillsCompletelyAgainstRestingAsk
[==========] Running 1 test from 1 test suite.
[----------] Global test environment set-up.
[----------] 1 test from MatchingEngineMarket
[ RUN      ] MatchingEngineMarket.BuyFillsCompletelyAgainstRestingAsk
[       OK ] MatchingEngineMarket.BuyFillsCompletelyAgainstRestingAsk (0 ms)
[----------] 1 test from MatchingEngineMarket (0 ms total)

[----------] Global test environment tear-down
[==========] 1 test from 1 test suite ran. (0 ms total)
[  PASSED  ] 1 test.
<end of output>
Test time =   0.00 sec
----------------------------------------------------------
Test Passed.
"MatchingEngineMarket.BuyFillsCompletelyAgainstRestingAsk" end time: Apr 29 15:55 PDT
"MatchingEngineMarket.BuyFillsCompletelyAgainstRestingAsk" time elapsed: 00:00:00
----------------------------------------------------------

26/78 Testing: MatchingEngineMarket.BuySweepsMultipleLevels
26/78 Test: MatchingEngineMarket.BuySweepsMultipleLevels
Command: "/Users/khushalarora/Documents/Career/Project_1/lob-engine/build_release/tests/lob_tests" "--gtest_filter=MatchingEngineMarket.BuySweepsMultipleLevels" "--gtest_also_run_disabled_tests"
Directory: /Users/khushalarora/Documents/Career/Project_1/lob-engine
"MatchingEngineMarket.BuySweepsMultipleLevels" start time: Apr 29 15:55 PDT
Output:
----------------------------------------------------------
Note: Google Test filter = MatchingEngineMarket.BuySweepsMultipleLevels
[==========] Running 1 test from 1 test suite.
[----------] Global test environment set-up.
[----------] 1 test from MatchingEngineMarket
[ RUN      ] MatchingEngineMarket.BuySweepsMultipleLevels
[       OK ] MatchingEngineMarket.BuySweepsMultipleLevels (0 ms)
[----------] 1 test from MatchingEngineMarket (0 ms total)

[----------] Global test environment tear-down
[==========] 1 test from 1 test suite ran. (0 ms total)
[  PASSED  ] 1 test.
<end of output>
Test time =   0.00 sec
----------------------------------------------------------
Test Passed.
"MatchingEngineMarket.BuySweepsMultipleLevels" end time: Apr 29 15:55 PDT
"MatchingEngineMarket.BuySweepsMultipleLevels" time elapsed: 00:00:00
----------------------------------------------------------

27/78 Testing: MatchingEngineMarket.BuyOnEmptyBookIsRejected
27/78 Test: MatchingEngineMarket.BuyOnEmptyBookIsRejected
Command: "/Users/khushalarora/Documents/Career/Project_1/lob-engine/build_release/tests/lob_tests" "--gtest_filter=MatchingEngineMarket.BuyOnEmptyBookIsRejected" "--gtest_also_run_disabled_tests"
Directory: /Users/khushalarora/Documents/Career/Project_1/lob-engine
"MatchingEngineMarket.BuyOnEmptyBookIsRejected" start time: Apr 29 15:55 PDT
Output:
----------------------------------------------------------
Note: Google Test filter = MatchingEngineMarket.BuyOnEmptyBookIsRejected
[==========] Running 1 test from 1 test suite.
[----------] Global test environment set-up.
[----------] 1 test from MatchingEngineMarket
[ RUN      ] MatchingEngineMarket.BuyOnEmptyBookIsRejected
[       OK ] MatchingEngineMarket.BuyOnEmptyBookIsRejected (0 ms)
[----------] 1 test from MatchingEngineMarket (0 ms total)

[----------] Global test environment tear-down
[==========] 1 test from 1 test suite ran. (0 ms total)
[  PASSED  ] 1 test.
<end of output>
Test time =   0.00 sec
----------------------------------------------------------
Test Passed.
"MatchingEngineMarket.BuyOnEmptyBookIsRejected" end time: Apr 29 15:55 PDT
"MatchingEngineMarket.BuyOnEmptyBookIsRejected" time elapsed: 00:00:00
----------------------------------------------------------

28/78 Testing: MatchingEngineMarket.BuyLargerThanLiquidityPartialFillThenRejected
28/78 Test: MatchingEngineMarket.BuyLargerThanLiquidityPartialFillThenRejected
Command: "/Users/khushalarora/Documents/Career/Project_1/lob-engine/build_release/tests/lob_tests" "--gtest_filter=MatchingEngineMarket.BuyLargerThanLiquidityPartialFillThenRejected" "--gtest_also_run_disabled_tests"
Directory: /Users/khushalarora/Documents/Career/Project_1/lob-engine
"MatchingEngineMarket.BuyLargerThanLiquidityPartialFillThenRejected" start time: Apr 29 15:55 PDT
Output:
----------------------------------------------------------
Note: Google Test filter = MatchingEngineMarket.BuyLargerThanLiquidityPartialFillThenRejected
[==========] Running 1 test from 1 test suite.
[----------] Global test environment set-up.
[----------] 1 test from MatchingEngineMarket
[ RUN      ] MatchingEngineMarket.BuyLargerThanLiquidityPartialFillThenRejected
[       OK ] MatchingEngineMarket.BuyLargerThanLiquidityPartialFillThenRejected (0 ms)
[----------] 1 test from MatchingEngineMarket (0 ms total)

[----------] Global test environment tear-down
[==========] 1 test from 1 test suite ran. (0 ms total)
[  PASSED  ] 1 test.
<end of output>
Test time =   0.00 sec
----------------------------------------------------------
Test Passed.
"MatchingEngineMarket.BuyLargerThanLiquidityPartialFillThenRejected" end time: Apr 29 15:55 PDT
"MatchingEngineMarket.BuyLargerThanLiquidityPartialFillThenRejected" time elapsed: 00:00:00
----------------------------------------------------------

29/78 Testing: MatchingEngineMarket.SellFillsCompletelyAgainstRestingBid
29/78 Test: MatchingEngineMarket.SellFillsCompletelyAgainstRestingBid
Command: "/Users/khushalarora/Documents/Career/Project_1/lob-engine/build_release/tests/lob_tests" "--gtest_filter=MatchingEngineMarket.SellFillsCompletelyAgainstRestingBid" "--gtest_also_run_disabled_tests"
Directory: /Users/khushalarora/Documents/Career/Project_1/lob-engine
"MatchingEngineMarket.SellFillsCompletelyAgainstRestingBid" start time: Apr 29 15:55 PDT
Output:
----------------------------------------------------------
Note: Google Test filter = MatchingEngineMarket.SellFillsCompletelyAgainstRestingBid
[==========] Running 1 test from 1 test suite.
[----------] Global test environment set-up.
[----------] 1 test from MatchingEngineMarket
[ RUN      ] MatchingEngineMarket.SellFillsCompletelyAgainstRestingBid
[       OK ] MatchingEngineMarket.SellFillsCompletelyAgainstRestingBid (0 ms)
[----------] 1 test from MatchingEngineMarket (0 ms total)

[----------] Global test environment tear-down
[==========] 1 test from 1 test suite ran. (0 ms total)
[  PASSED  ] 1 test.
<end of output>
Test time =   0.00 sec
----------------------------------------------------------
Test Passed.
"MatchingEngineMarket.SellFillsCompletelyAgainstRestingBid" end time: Apr 29 15:55 PDT
"MatchingEngineMarket.SellFillsCompletelyAgainstRestingBid" time elapsed: 00:00:00
----------------------------------------------------------

30/78 Testing: MatchingEngineMarket.SellSweepsMultipleLevels
30/78 Test: MatchingEngineMarket.SellSweepsMultipleLevels
Command: "/Users/khushalarora/Documents/Career/Project_1/lob-engine/build_release/tests/lob_tests" "--gtest_filter=MatchingEngineMarket.SellSweepsMultipleLevels" "--gtest_also_run_disabled_tests"
Directory: /Users/khushalarora/Documents/Career/Project_1/lob-engine
"MatchingEngineMarket.SellSweepsMultipleLevels" start time: Apr 29 15:55 PDT
Output:
----------------------------------------------------------
Note: Google Test filter = MatchingEngineMarket.SellSweepsMultipleLevels
[==========] Running 1 test from 1 test suite.
[----------] Global test environment set-up.
[----------] 1 test from MatchingEngineMarket
[ RUN      ] MatchingEngineMarket.SellSweepsMultipleLevels
[       OK ] MatchingEngineMarket.SellSweepsMultipleLevels (0 ms)
[----------] 1 test from MatchingEngineMarket (0 ms total)

[----------] Global test environment tear-down
[==========] 1 test from 1 test suite ran. (0 ms total)
[  PASSED  ] 1 test.
<end of output>
Test time =   0.00 sec
----------------------------------------------------------
Test Passed.
"MatchingEngineMarket.SellSweepsMultipleLevels" end time: Apr 29 15:55 PDT
"MatchingEngineMarket.SellSweepsMultipleLevels" time elapsed: 00:00:00
----------------------------------------------------------

31/78 Testing: MatchingEngineMarket.SellOnEmptyBookIsRejected
31/78 Test: MatchingEngineMarket.SellOnEmptyBookIsRejected
Command: "/Users/khushalarora/Documents/Career/Project_1/lob-engine/build_release/tests/lob_tests" "--gtest_filter=MatchingEngineMarket.SellOnEmptyBookIsRejected" "--gtest_also_run_disabled_tests"
Directory: /Users/khushalarora/Documents/Career/Project_1/lob-engine
"MatchingEngineMarket.SellOnEmptyBookIsRejected" start time: Apr 29 15:55 PDT
Output:
----------------------------------------------------------
Note: Google Test filter = MatchingEngineMarket.SellOnEmptyBookIsRejected
[==========] Running 1 test from 1 test suite.
[----------] Global test environment set-up.
[----------] 1 test from MatchingEngineMarket
[ RUN      ] MatchingEngineMarket.SellOnEmptyBookIsRejected
[       OK ] MatchingEngineMarket.SellOnEmptyBookIsRejected (0 ms)
[----------] 1 test from MatchingEngineMarket (0 ms total)

[----------] Global test environment tear-down
[==========] 1 test from 1 test suite ran. (0 ms total)
[  PASSED  ] 1 test.
<end of output>
Test time =   0.00 sec
----------------------------------------------------------
Test Passed.
"MatchingEngineMarket.SellOnEmptyBookIsRejected" end time: Apr 29 15:55 PDT
"MatchingEngineMarket.SellOnEmptyBookIsRejected" time elapsed: 00:00:00
----------------------------------------------------------

32/78 Testing: CancelOrder.CancelRestingOrderSucceeds
32/78 Test: CancelOrder.CancelRestingOrderSucceeds
Command: "/Users/khushalarora/Documents/Career/Project_1/lob-engine/build_release/tests/lob_tests" "--gtest_filter=CancelOrder.CancelRestingOrderSucceeds" "--gtest_also_run_disabled_tests"
Directory: /Users/khushalarora/Documents/Career/Project_1/lob-engine
"CancelOrder.CancelRestingOrderSucceeds" start time: Apr 29 15:55 PDT
Output:
----------------------------------------------------------
Note: Google Test filter = CancelOrder.CancelRestingOrderSucceeds
[==========] Running 1 test from 1 test suite.
[----------] Global test environment set-up.
[----------] 1 test from CancelOrder
[ RUN      ] CancelOrder.CancelRestingOrderSucceeds
[       OK ] CancelOrder.CancelRestingOrderSucceeds (0 ms)
[----------] 1 test from CancelOrder (0 ms total)

[----------] Global test environment tear-down
[==========] 1 test from 1 test suite ran. (0 ms total)
[  PASSED  ] 1 test.
<end of output>
Test time =   0.00 sec
----------------------------------------------------------
Test Passed.
"CancelOrder.CancelRestingOrderSucceeds" end time: Apr 29 15:55 PDT
"CancelOrder.CancelRestingOrderSucceeds" time elapsed: 00:00:00
----------------------------------------------------------

33/78 Testing: CancelOrder.CancelNonExistentOrderReturnsRejection
33/78 Test: CancelOrder.CancelNonExistentOrderReturnsRejection
Command: "/Users/khushalarora/Documents/Career/Project_1/lob-engine/build_release/tests/lob_tests" "--gtest_filter=CancelOrder.CancelNonExistentOrderReturnsRejection" "--gtest_also_run_disabled_tests"
Directory: /Users/khushalarora/Documents/Career/Project_1/lob-engine
"CancelOrder.CancelNonExistentOrderReturnsRejection" start time: Apr 29 15:55 PDT
Output:
----------------------------------------------------------
Note: Google Test filter = CancelOrder.CancelNonExistentOrderReturnsRejection
[==========] Running 1 test from 1 test suite.
[----------] Global test environment set-up.
[----------] 1 test from CancelOrder
[ RUN      ] CancelOrder.CancelNonExistentOrderReturnsRejection
[       OK ] CancelOrder.CancelNonExistentOrderReturnsRejection (0 ms)
[----------] 1 test from CancelOrder (0 ms total)

[----------] Global test environment tear-down
[==========] 1 test from 1 test suite ran. (0 ms total)
[  PASSED  ] 1 test.
<end of output>
Test time =   0.00 sec
----------------------------------------------------------
Test Passed.
"CancelOrder.CancelNonExistentOrderReturnsRejection" end time: Apr 29 15:55 PDT
"CancelOrder.CancelNonExistentOrderReturnsRejection" time elapsed: 00:00:00
----------------------------------------------------------

34/78 Testing: CancelOrder.CancelAlreadyFilledOrderReturnsNotCancellable
34/78 Test: CancelOrder.CancelAlreadyFilledOrderReturnsNotCancellable
Command: "/Users/khushalarora/Documents/Career/Project_1/lob-engine/build_release/tests/lob_tests" "--gtest_filter=CancelOrder.CancelAlreadyFilledOrderReturnsNotCancellable" "--gtest_also_run_disabled_tests"
Directory: /Users/khushalarora/Documents/Career/Project_1/lob-engine
"CancelOrder.CancelAlreadyFilledOrderReturnsNotCancellable" start time: Apr 29 15:55 PDT
Output:
----------------------------------------------------------
Note: Google Test filter = CancelOrder.CancelAlreadyFilledOrderReturnsNotCancellable
[==========] Running 1 test from 1 test suite.
[----------] Global test environment set-up.
[----------] 1 test from CancelOrder
[ RUN      ] CancelOrder.CancelAlreadyFilledOrderReturnsNotCancellable
[       OK ] CancelOrder.CancelAlreadyFilledOrderReturnsNotCancellable (0 ms)
[----------] 1 test from CancelOrder (0 ms total)

[----------] Global test environment tear-down
[==========] 1 test from 1 test suite ran. (0 ms total)
[  PASSED  ] 1 test.
<end of output>
Test time =   0.00 sec
----------------------------------------------------------
Test Passed.
"CancelOrder.CancelAlreadyFilledOrderReturnsNotCancellable" end time: Apr 29 15:55 PDT
"CancelOrder.CancelAlreadyFilledOrderReturnsNotCancellable" time elapsed: 00:00:00
----------------------------------------------------------

35/78 Testing: CancelOrder.CancelReducesBookOrderCount
35/78 Test: CancelOrder.CancelReducesBookOrderCount
Command: "/Users/khushalarora/Documents/Career/Project_1/lob-engine/build_release/tests/lob_tests" "--gtest_filter=CancelOrder.CancelReducesBookOrderCount" "--gtest_also_run_disabled_tests"
Directory: /Users/khushalarora/Documents/Career/Project_1/lob-engine
"CancelOrder.CancelReducesBookOrderCount" start time: Apr 29 15:55 PDT
Output:
----------------------------------------------------------
Note: Google Test filter = CancelOrder.CancelReducesBookOrderCount
[==========] Running 1 test from 1 test suite.
[----------] Global test environment set-up.
[----------] 1 test from CancelOrder
[ RUN      ] CancelOrder.CancelReducesBookOrderCount
[       OK ] CancelOrder.CancelReducesBookOrderCount (0 ms)
[----------] 1 test from CancelOrder (0 ms total)

[----------] Global test environment tear-down
[==========] 1 test from 1 test suite ran. (0 ms total)
[  PASSED  ] 1 test.
<end of output>
Test time =   0.00 sec
----------------------------------------------------------
Test Passed.
"CancelOrder.CancelReducesBookOrderCount" end time: Apr 29 15:55 PDT
"CancelOrder.CancelReducesBookOrderCount" time elapsed: 00:00:00
----------------------------------------------------------

36/78 Testing: CancelOrder.CancelSellOrder
36/78 Test: CancelOrder.CancelSellOrder
Command: "/Users/khushalarora/Documents/Career/Project_1/lob-engine/build_release/tests/lob_tests" "--gtest_filter=CancelOrder.CancelSellOrder" "--gtest_also_run_disabled_tests"
Directory: /Users/khushalarora/Documents/Career/Project_1/lob-engine
"CancelOrder.CancelSellOrder" start time: Apr 29 15:55 PDT
Output:
----------------------------------------------------------
Note: Google Test filter = CancelOrder.CancelSellOrder
[==========] Running 1 test from 1 test suite.
[----------] Global test environment set-up.
[----------] 1 test from CancelOrder
[ RUN      ] CancelOrder.CancelSellOrder
[       OK ] CancelOrder.CancelSellOrder (0 ms)
[----------] 1 test from CancelOrder (0 ms total)

[----------] Global test environment tear-down
[==========] 1 test from 1 test suite ran. (0 ms total)
[  PASSED  ] 1 test.
<end of output>
Test time =   0.00 sec
----------------------------------------------------------
Test Passed.
"CancelOrder.CancelSellOrder" end time: Apr 29 15:55 PDT
"CancelOrder.CancelSellOrder" time elapsed: 00:00:00
----------------------------------------------------------

37/78 Testing: ModifyOrder.QuantityReductionPreservesPosition
37/78 Test: ModifyOrder.QuantityReductionPreservesPosition
Command: "/Users/khushalarora/Documents/Career/Project_1/lob-engine/build_release/tests/lob_tests" "--gtest_filter=ModifyOrder.QuantityReductionPreservesPosition" "--gtest_also_run_disabled_tests"
Directory: /Users/khushalarora/Documents/Career/Project_1/lob-engine
"ModifyOrder.QuantityReductionPreservesPosition" start time: Apr 29 15:55 PDT
Output:
----------------------------------------------------------
Note: Google Test filter = ModifyOrder.QuantityReductionPreservesPosition
[==========] Running 1 test from 1 test suite.
[----------] Global test environment set-up.
[----------] 1 test from ModifyOrder
[ RUN      ] ModifyOrder.QuantityReductionPreservesPosition
[       OK ] ModifyOrder.QuantityReductionPreservesPosition (0 ms)
[----------] 1 test from ModifyOrder (0 ms total)

[----------] Global test environment tear-down
[==========] 1 test from 1 test suite ran. (0 ms total)
[  PASSED  ] 1 test.
<end of output>
Test time =   0.00 sec
----------------------------------------------------------
Test Passed.
"ModifyOrder.QuantityReductionPreservesPosition" end time: Apr 29 15:55 PDT
"ModifyOrder.QuantityReductionPreservesPosition" time elapsed: 00:00:00
----------------------------------------------------------

38/78 Testing: ModifyOrder.PriceChangeLosesPriority
38/78 Test: ModifyOrder.PriceChangeLosesPriority
Command: "/Users/khushalarora/Documents/Career/Project_1/lob-engine/build_release/tests/lob_tests" "--gtest_filter=ModifyOrder.PriceChangeLosesPriority" "--gtest_also_run_disabled_tests"
Directory: /Users/khushalarora/Documents/Career/Project_1/lob-engine
"ModifyOrder.PriceChangeLosesPriority" start time: Apr 29 15:55 PDT
Output:
----------------------------------------------------------
Note: Google Test filter = ModifyOrder.PriceChangeLosesPriority
[==========] Running 1 test from 1 test suite.
[----------] Global test environment set-up.
[----------] 1 test from ModifyOrder
[ RUN      ] ModifyOrder.PriceChangeLosesPriority
[       OK ] ModifyOrder.PriceChangeLosesPriority (0 ms)
[----------] 1 test from ModifyOrder (0 ms total)

[----------] Global test environment tear-down
[==========] 1 test from 1 test suite ran. (0 ms total)
[  PASSED  ] 1 test.
<end of output>
Test time =   0.00 sec
----------------------------------------------------------
Test Passed.
"ModifyOrder.PriceChangeLosesPriority" end time: Apr 29 15:55 PDT
"ModifyOrder.PriceChangeLosesPriority" time elapsed: 00:00:00
----------------------------------------------------------

39/78 Testing: ModifyOrder.QuantityIncreaseLosesPriority
39/78 Test: ModifyOrder.QuantityIncreaseLosesPriority
Command: "/Users/khushalarora/Documents/Career/Project_1/lob-engine/build_release/tests/lob_tests" "--gtest_filter=ModifyOrder.QuantityIncreaseLosesPriority" "--gtest_also_run_disabled_tests"
Directory: /Users/khushalarora/Documents/Career/Project_1/lob-engine
"ModifyOrder.QuantityIncreaseLosesPriority" start time: Apr 29 15:55 PDT
Output:
----------------------------------------------------------
Note: Google Test filter = ModifyOrder.QuantityIncreaseLosesPriority
[==========] Running 1 test from 1 test suite.
[----------] Global test environment set-up.
[----------] 1 test from ModifyOrder
[ RUN      ] ModifyOrder.QuantityIncreaseLosesPriority
[       OK ] ModifyOrder.QuantityIncreaseLosesPriority (0 ms)
[----------] 1 test from ModifyOrder (0 ms total)

[----------] Global test environment tear-down
[==========] 1 test from 1 test suite ran. (0 ms total)
[  PASSED  ] 1 test.
<end of output>
Test time =   0.00 sec
----------------------------------------------------------
Test Passed.
"ModifyOrder.QuantityIncreaseLosesPriority" end time: Apr 29 15:55 PDT
"ModifyOrder.QuantityIncreaseLosesPriority" time elapsed: 00:00:00
----------------------------------------------------------

40/78 Testing: ModifyOrder.ModifyNonExistentOrderRejected
40/78 Test: ModifyOrder.ModifyNonExistentOrderRejected
Command: "/Users/khushalarora/Documents/Career/Project_1/lob-engine/build_release/tests/lob_tests" "--gtest_filter=ModifyOrder.ModifyNonExistentOrderRejected" "--gtest_also_run_disabled_tests"
Directory: /Users/khushalarora/Documents/Career/Project_1/lob-engine
"ModifyOrder.ModifyNonExistentOrderRejected" start time: Apr 29 15:55 PDT
Output:
----------------------------------------------------------
Note: Google Test filter = ModifyOrder.ModifyNonExistentOrderRejected
[==========] Running 1 test from 1 test suite.
[----------] Global test environment set-up.
[----------] 1 test from ModifyOrder
[ RUN      ] ModifyOrder.ModifyNonExistentOrderRejected
[       OK ] ModifyOrder.ModifyNonExistentOrderRejected (0 ms)
[----------] 1 test from ModifyOrder (0 ms total)

[----------] Global test environment tear-down
[==========] 1 test from 1 test suite ran. (0 ms total)
[  PASSED  ] 1 test.
<end of output>
Test time =   0.00 sec
----------------------------------------------------------
Test Passed.
"ModifyOrder.ModifyNonExistentOrderRejected" end time: Apr 29 15:55 PDT
"ModifyOrder.ModifyNonExistentOrderRejected" time elapsed: 00:00:00
----------------------------------------------------------

41/78 Testing: ModifyOrder.LevelVolumeUpdatedOnQtyReduction
41/78 Test: ModifyOrder.LevelVolumeUpdatedOnQtyReduction
Command: "/Users/khushalarora/Documents/Career/Project_1/lob-engine/build_release/tests/lob_tests" "--gtest_filter=ModifyOrder.LevelVolumeUpdatedOnQtyReduction" "--gtest_also_run_disabled_tests"
Directory: /Users/khushalarora/Documents/Career/Project_1/lob-engine
"ModifyOrder.LevelVolumeUpdatedOnQtyReduction" start time: Apr 29 15:55 PDT
Output:
----------------------------------------------------------
Note: Google Test filter = ModifyOrder.LevelVolumeUpdatedOnQtyReduction
[==========] Running 1 test from 1 test suite.
[----------] Global test environment set-up.
[----------] 1 test from ModifyOrder
[ RUN      ] ModifyOrder.LevelVolumeUpdatedOnQtyReduction
[       OK ] ModifyOrder.LevelVolumeUpdatedOnQtyReduction (0 ms)
[----------] 1 test from ModifyOrder (0 ms total)

[----------] Global test environment tear-down
[==========] 1 test from 1 test suite ran. (0 ms total)
[  PASSED  ] 1 test.
<end of output>
Test time =   0.00 sec
----------------------------------------------------------
Test Passed.
"ModifyOrder.LevelVolumeUpdatedOnQtyReduction" end time: Apr 29 15:55 PDT
"ModifyOrder.LevelVolumeUpdatedOnQtyReduction" time elapsed: 00:00:00
----------------------------------------------------------

42/78 Testing: ReplaceOrder.ReplaceExistingOrderRemovesOldInsertsNew
42/78 Test: ReplaceOrder.ReplaceExistingOrderRemovesOldInsertsNew
Command: "/Users/khushalarora/Documents/Career/Project_1/lob-engine/build_release/tests/lob_tests" "--gtest_filter=ReplaceOrder.ReplaceExistingOrderRemovesOldInsertsNew" "--gtest_also_run_disabled_tests"
Directory: /Users/khushalarora/Documents/Career/Project_1/lob-engine
"ReplaceOrder.ReplaceExistingOrderRemovesOldInsertsNew" start time: Apr 29 15:55 PDT
Output:
----------------------------------------------------------
Note: Google Test filter = ReplaceOrder.ReplaceExistingOrderRemovesOldInsertsNew
[==========] Running 1 test from 1 test suite.
[----------] Global test environment set-up.
[----------] 1 test from ReplaceOrder
[ RUN      ] ReplaceOrder.ReplaceExistingOrderRemovesOldInsertsNew
[       OK ] ReplaceOrder.ReplaceExistingOrderRemovesOldInsertsNew (0 ms)
[----------] 1 test from ReplaceOrder (0 ms total)

[----------] Global test environment tear-down
[==========] 1 test from 1 test suite ran. (0 ms total)
[  PASSED  ] 1 test.
<end of output>
Test time =   0.00 sec
----------------------------------------------------------
Test Passed.
"ReplaceOrder.ReplaceExistingOrderRemovesOldInsertsNew" end time: Apr 29 15:55 PDT
"ReplaceOrder.ReplaceExistingOrderRemovesOldInsertsNew" time elapsed: 00:00:00
----------------------------------------------------------

43/78 Testing: ReplaceOrder.ReplaceWithImmediatelyMatchingNewOrder
43/78 Test: ReplaceOrder.ReplaceWithImmediatelyMatchingNewOrder
Command: "/Users/khushalarora/Documents/Career/Project_1/lob-engine/build_release/tests/lob_tests" "--gtest_filter=ReplaceOrder.ReplaceWithImmediatelyMatchingNewOrder" "--gtest_also_run_disabled_tests"
Directory: /Users/khushalarora/Documents/Career/Project_1/lob-engine
"ReplaceOrder.ReplaceWithImmediatelyMatchingNewOrder" start time: Apr 29 15:55 PDT
Output:
----------------------------------------------------------
Note: Google Test filter = ReplaceOrder.ReplaceWithImmediatelyMatchingNewOrder
[==========] Running 1 test from 1 test suite.
[----------] Global test environment set-up.
[----------] 1 test from ReplaceOrder
[ RUN      ] ReplaceOrder.ReplaceWithImmediatelyMatchingNewOrder
[       OK ] ReplaceOrder.ReplaceWithImmediatelyMatchingNewOrder (0 ms)
[----------] 1 test from ReplaceOrder (0 ms total)

[----------] Global test environment tear-down
[==========] 1 test from 1 test suite ran. (0 ms total)
[  PASSED  ] 1 test.
<end of output>
Test time =   0.00 sec
----------------------------------------------------------
Test Passed.
"ReplaceOrder.ReplaceWithImmediatelyMatchingNewOrder" end time: Apr 29 15:55 PDT
"ReplaceOrder.ReplaceWithImmediatelyMatchingNewOrder" time elapsed: 00:00:00
----------------------------------------------------------

44/78 Testing: ReplaceOrder.ReplaceNonExistentOrderRejectsAndNoNewOrder
44/78 Test: ReplaceOrder.ReplaceNonExistentOrderRejectsAndNoNewOrder
Command: "/Users/khushalarora/Documents/Career/Project_1/lob-engine/build_release/tests/lob_tests" "--gtest_filter=ReplaceOrder.ReplaceNonExistentOrderRejectsAndNoNewOrder" "--gtest_also_run_disabled_tests"
Directory: /Users/khushalarora/Documents/Career/Project_1/lob-engine
"ReplaceOrder.ReplaceNonExistentOrderRejectsAndNoNewOrder" start time: Apr 29 15:55 PDT
Output:
----------------------------------------------------------
Note: Google Test filter = ReplaceOrder.ReplaceNonExistentOrderRejectsAndNoNewOrder
[==========] Running 1 test from 1 test suite.
[----------] Global test environment set-up.
[----------] 1 test from ReplaceOrder
[ RUN      ] ReplaceOrder.ReplaceNonExistentOrderRejectsAndNoNewOrder
[       OK ] ReplaceOrder.ReplaceNonExistentOrderRejectsAndNoNewOrder (0 ms)
[----------] 1 test from ReplaceOrder (0 ms total)

[----------] Global test environment tear-down
[==========] 1 test from 1 test suite ran. (0 ms total)
[  PASSED  ] 1 test.
<end of output>
Test time =   0.00 sec
----------------------------------------------------------
Test Passed.
"ReplaceOrder.ReplaceNonExistentOrderRejectsAndNoNewOrder" end time: Apr 29 15:55 PDT
"ReplaceOrder.ReplaceNonExistentOrderRejectsAndNoNewOrder" time elapsed: 00:00:00
----------------------------------------------------------

45/78 Testing: ReplaceOrder.ReplacePreservesOtherOrdersOnBook
45/78 Test: ReplaceOrder.ReplacePreservesOtherOrdersOnBook
Command: "/Users/khushalarora/Documents/Career/Project_1/lob-engine/build_release/tests/lob_tests" "--gtest_filter=ReplaceOrder.ReplacePreservesOtherOrdersOnBook" "--gtest_also_run_disabled_tests"
Directory: /Users/khushalarora/Documents/Career/Project_1/lob-engine
"ReplaceOrder.ReplacePreservesOtherOrdersOnBook" start time: Apr 29 15:55 PDT
Output:
----------------------------------------------------------
Note: Google Test filter = ReplaceOrder.ReplacePreservesOtherOrdersOnBook
[==========] Running 1 test from 1 test suite.
[----------] Global test environment set-up.
[----------] 1 test from ReplaceOrder
[ RUN      ] ReplaceOrder.ReplacePreservesOtherOrdersOnBook
[       OK ] ReplaceOrder.ReplacePreservesOtherOrdersOnBook (0 ms)
[----------] 1 test from ReplaceOrder (0 ms total)

[----------] Global test environment tear-down
[==========] 1 test from 1 test suite ran. (0 ms total)
[  PASSED  ] 1 test.
<end of output>
Test time =   0.00 sec
----------------------------------------------------------
Test Passed.
"ReplaceOrder.ReplacePreservesOtherOrdersOnBook" end time: Apr 29 15:55 PDT
"ReplaceOrder.ReplacePreservesOtherOrdersOnBook" time elapsed: 00:00:00
----------------------------------------------------------

46/78 Testing: StopOrders.BuyStopPlacedInPendingNotOnBook
46/78 Test: StopOrders.BuyStopPlacedInPendingNotOnBook
Command: "/Users/khushalarora/Documents/Career/Project_1/lob-engine/build_release/tests/lob_tests" "--gtest_filter=StopOrders.BuyStopPlacedInPendingNotOnBook" "--gtest_also_run_disabled_tests"
Directory: /Users/khushalarora/Documents/Career/Project_1/lob-engine
"StopOrders.BuyStopPlacedInPendingNotOnBook" start time: Apr 29 15:55 PDT
Output:
----------------------------------------------------------
Note: Google Test filter = StopOrders.BuyStopPlacedInPendingNotOnBook
[==========] Running 1 test from 1 test suite.
[----------] Global test environment set-up.
[----------] 1 test from StopOrders
[ RUN      ] StopOrders.BuyStopPlacedInPendingNotOnBook
[       OK ] StopOrders.BuyStopPlacedInPendingNotOnBook (0 ms)
[----------] 1 test from StopOrders (0 ms total)

[----------] Global test environment tear-down
[==========] 1 test from 1 test suite ran. (0 ms total)
[  PASSED  ] 1 test.
<end of output>
Test time =   0.00 sec
----------------------------------------------------------
Test Passed.
"StopOrders.BuyStopPlacedInPendingNotOnBook" end time: Apr 29 15:55 PDT
"StopOrders.BuyStopPlacedInPendingNotOnBook" time elapsed: 00:00:00
----------------------------------------------------------

47/78 Testing: StopOrders.BuyStopTriggeredByTrade
47/78 Test: StopOrders.BuyStopTriggeredByTrade
Command: "/Users/khushalarora/Documents/Career/Project_1/lob-engine/build_release/tests/lob_tests" "--gtest_filter=StopOrders.BuyStopTriggeredByTrade" "--gtest_also_run_disabled_tests"
Directory: /Users/khushalarora/Documents/Career/Project_1/lob-engine
"StopOrders.BuyStopTriggeredByTrade" start time: Apr 29 15:55 PDT
Output:
----------------------------------------------------------
Note: Google Test filter = StopOrders.BuyStopTriggeredByTrade
[==========] Running 1 test from 1 test suite.
[----------] Global test environment set-up.
[----------] 1 test from StopOrders
[ RUN      ] StopOrders.BuyStopTriggeredByTrade
[       OK ] StopOrders.BuyStopTriggeredByTrade (0 ms)
[----------] 1 test from StopOrders (0 ms total)

[----------] Global test environment tear-down
[==========] 1 test from 1 test suite ran. (0 ms total)
[  PASSED  ] 1 test.
<end of output>
Test time =   0.00 sec
----------------------------------------------------------
Test Passed.
"StopOrders.BuyStopTriggeredByTrade" end time: Apr 29 15:55 PDT
"StopOrders.BuyStopTriggeredByTrade" time elapsed: 00:00:00
----------------------------------------------------------

48/78 Testing: StopOrders.SellStopTriggeredByTrade
48/78 Test: StopOrders.SellStopTriggeredByTrade
Command: "/Users/khushalarora/Documents/Career/Project_1/lob-engine/build_release/tests/lob_tests" "--gtest_filter=StopOrders.SellStopTriggeredByTrade" "--gtest_also_run_disabled_tests"
Directory: /Users/khushalarora/Documents/Career/Project_1/lob-engine
"StopOrders.SellStopTriggeredByTrade" start time: Apr 29 15:55 PDT
Output:
----------------------------------------------------------
Note: Google Test filter = StopOrders.SellStopTriggeredByTrade
[==========] Running 1 test from 1 test suite.
[----------] Global test environment set-up.
[----------] 1 test from StopOrders
[ RUN      ] StopOrders.SellStopTriggeredByTrade
[       OK ] StopOrders.SellStopTriggeredByTrade (0 ms)
[----------] 1 test from StopOrders (0 ms total)

[----------] Global test environment tear-down
[==========] 1 test from 1 test suite ran. (0 ms total)
[  PASSED  ] 1 test.
<end of output>
Test time =   0.00 sec
----------------------------------------------------------
Test Passed.
"StopOrders.SellStopTriggeredByTrade" end time: Apr 29 15:55 PDT
"StopOrders.SellStopTriggeredByTrade" time elapsed: 00:00:00
----------------------------------------------------------

49/78 Testing: StopOrders.StopLimitTriggeredRestsAsLimit
49/78 Test: StopOrders.StopLimitTriggeredRestsAsLimit
Command: "/Users/khushalarora/Documents/Career/Project_1/lob-engine/build_release/tests/lob_tests" "--gtest_filter=StopOrders.StopLimitTriggeredRestsAsLimit" "--gtest_also_run_disabled_tests"
Directory: /Users/khushalarora/Documents/Career/Project_1/lob-engine
"StopOrders.StopLimitTriggeredRestsAsLimit" start time: Apr 29 15:55 PDT
Output:
----------------------------------------------------------
Note: Google Test filter = StopOrders.StopLimitTriggeredRestsAsLimit
[==========] Running 1 test from 1 test suite.
[----------] Global test environment set-up.
[----------] 1 test from StopOrders
[ RUN      ] StopOrders.StopLimitTriggeredRestsAsLimit
[       OK ] StopOrders.StopLimitTriggeredRestsAsLimit (0 ms)
[----------] 1 test from StopOrders (0 ms total)

[----------] Global test environment tear-down
[==========] 1 test from 1 test suite ran. (0 ms total)
[  PASSED  ] 1 test.
<end of output>
Test time =   0.00 sec
----------------------------------------------------------
Test Passed.
"StopOrders.StopLimitTriggeredRestsAsLimit" end time: Apr 29 15:55 PDT
"StopOrders.StopLimitTriggeredRestsAsLimit" time elapsed: 00:00:00
----------------------------------------------------------

50/78 Testing: StopOrders.ImmediateTriggerOnSubmit
50/78 Test: StopOrders.ImmediateTriggerOnSubmit
Command: "/Users/khushalarora/Documents/Career/Project_1/lob-engine/build_release/tests/lob_tests" "--gtest_filter=StopOrders.ImmediateTriggerOnSubmit" "--gtest_also_run_disabled_tests"
Directory: /Users/khushalarora/Documents/Career/Project_1/lob-engine
"StopOrders.ImmediateTriggerOnSubmit" start time: Apr 29 15:55 PDT
Output:
----------------------------------------------------------
Note: Google Test filter = StopOrders.ImmediateTriggerOnSubmit
[==========] Running 1 test from 1 test suite.
[----------] Global test environment set-up.
[----------] 1 test from StopOrders
[ RUN      ] StopOrders.ImmediateTriggerOnSubmit
[       OK ] StopOrders.ImmediateTriggerOnSubmit (0 ms)
[----------] 1 test from StopOrders (0 ms total)

[----------] Global test environment tear-down
[==========] 1 test from 1 test suite ran. (0 ms total)
[  PASSED  ] 1 test.
<end of output>
Test time =   0.00 sec
----------------------------------------------------------
Test Passed.
"StopOrders.ImmediateTriggerOnSubmit" end time: Apr 29 15:55 PDT
"StopOrders.ImmediateTriggerOnSubmit" time elapsed: 00:00:00
----------------------------------------------------------

51/78 Testing: StopOrders.MultipleStopsOnlyCorrectOnesTrigger
51/78 Test: StopOrders.MultipleStopsOnlyCorrectOnesTrigger
Command: "/Users/khushalarora/Documents/Career/Project_1/lob-engine/build_release/tests/lob_tests" "--gtest_filter=StopOrders.MultipleStopsOnlyCorrectOnesTrigger" "--gtest_also_run_disabled_tests"
Directory: /Users/khushalarora/Documents/Career/Project_1/lob-engine
"StopOrders.MultipleStopsOnlyCorrectOnesTrigger" start time: Apr 29 15:55 PDT
Output:
----------------------------------------------------------
Note: Google Test filter = StopOrders.MultipleStopsOnlyCorrectOnesTrigger
[==========] Running 1 test from 1 test suite.
[----------] Global test environment set-up.
[----------] 1 test from StopOrders
[ RUN      ] StopOrders.MultipleStopsOnlyCorrectOnesTrigger
[       OK ] StopOrders.MultipleStopsOnlyCorrectOnesTrigger (0 ms)
[----------] 1 test from StopOrders (0 ms total)

[----------] Global test environment tear-down
[==========] 1 test from 1 test suite ran. (0 ms total)
[  PASSED  ] 1 test.
<end of output>
Test time =   0.00 sec
----------------------------------------------------------
Test Passed.
"StopOrders.MultipleStopsOnlyCorrectOnesTrigger" end time: Apr 29 15:55 PDT
"StopOrders.MultipleStopsOnlyCorrectOnesTrigger" time elapsed: 00:00:00
----------------------------------------------------------

52/78 Testing: StopOrders.CancelStopBeforeTrigger
52/78 Test: StopOrders.CancelStopBeforeTrigger
Command: "/Users/khushalarora/Documents/Career/Project_1/lob-engine/build_release/tests/lob_tests" "--gtest_filter=StopOrders.CancelStopBeforeTrigger" "--gtest_also_run_disabled_tests"
Directory: /Users/khushalarora/Documents/Career/Project_1/lob-engine
"StopOrders.CancelStopBeforeTrigger" start time: Apr 29 15:55 PDT
Output:
----------------------------------------------------------
Note: Google Test filter = StopOrders.CancelStopBeforeTrigger
[==========] Running 1 test from 1 test suite.
[----------] Global test environment set-up.
[----------] 1 test from StopOrders
[ RUN      ] StopOrders.CancelStopBeforeTrigger
[       OK ] StopOrders.CancelStopBeforeTrigger (0 ms)
[----------] 1 test from StopOrders (0 ms total)

[----------] Global test environment tear-down
[==========] 1 test from 1 test suite ran. (0 ms total)
[  PASSED  ] 1 test.
<end of output>
Test time =   0.00 sec
----------------------------------------------------------
Test Passed.
"StopOrders.CancelStopBeforeTrigger" end time: Apr 29 15:55 PDT
"StopOrders.CancelStopBeforeTrigger" time elapsed: 00:00:00
----------------------------------------------------------

53/78 Testing: IcebergOrders.OnlyPeakVisibleOnBook
53/78 Test: IcebergOrders.OnlyPeakVisibleOnBook
Command: "/Users/khushalarora/Documents/Career/Project_1/lob-engine/build_release/tests/lob_tests" "--gtest_filter=IcebergOrders.OnlyPeakVisibleOnBook" "--gtest_also_run_disabled_tests"
Directory: /Users/khushalarora/Documents/Career/Project_1/lob-engine
"IcebergOrders.OnlyPeakVisibleOnBook" start time: Apr 29 15:55 PDT
Output:
----------------------------------------------------------
Note: Google Test filter = IcebergOrders.OnlyPeakVisibleOnBook
[==========] Running 1 test from 1 test suite.
[----------] Global test environment set-up.
[----------] 1 test from IcebergOrders
[ RUN      ] IcebergOrders.OnlyPeakVisibleOnBook
[       OK ] IcebergOrders.OnlyPeakVisibleOnBook (0 ms)
[----------] 1 test from IcebergOrders (0 ms total)

[----------] Global test environment tear-down
[==========] 1 test from 1 test suite ran. (0 ms total)
[  PASSED  ] 1 test.
<end of output>
Test time =   0.00 sec
----------------------------------------------------------
Test Passed.
"IcebergOrders.OnlyPeakVisibleOnBook" end time: Apr 29 15:55 PDT
"IcebergOrders.OnlyPeakVisibleOnBook" time elapsed: 00:00:00
----------------------------------------------------------

54/78 Testing: IcebergOrders.PeakExhaustedThenReplenished
54/78 Test: IcebergOrders.PeakExhaustedThenReplenished
Command: "/Users/khushalarora/Documents/Career/Project_1/lob-engine/build_release/tests/lob_tests" "--gtest_filter=IcebergOrders.PeakExhaustedThenReplenished" "--gtest_also_run_disabled_tests"
Directory: /Users/khushalarora/Documents/Career/Project_1/lob-engine
"IcebergOrders.PeakExhaustedThenReplenished" start time: Apr 29 15:55 PDT
Output:
----------------------------------------------------------
Note: Google Test filter = IcebergOrders.PeakExhaustedThenReplenished
[==========] Running 1 test from 1 test suite.
[----------] Global test environment set-up.
[----------] 1 test from IcebergOrders
[ RUN      ] IcebergOrders.PeakExhaustedThenReplenished
[       OK ] IcebergOrders.PeakExhaustedThenReplenished (0 ms)
[----------] 1 test from IcebergOrders (0 ms total)

[----------] Global test environment tear-down
[==========] 1 test from 1 test suite ran. (0 ms total)
[  PASSED  ] 1 test.
<end of output>
Test time =   0.00 sec
----------------------------------------------------------
Test Passed.
"IcebergOrders.PeakExhaustedThenReplenished" end time: Apr 29 15:55 PDT
"IcebergOrders.PeakExhaustedThenReplenished" time elapsed: 00:00:00
----------------------------------------------------------

55/78 Testing: IcebergOrders.ReplenishmentResetsTimePriority
55/78 Test: IcebergOrders.ReplenishmentResetsTimePriority
Command: "/Users/khushalarora/Documents/Career/Project_1/lob-engine/build_release/tests/lob_tests" "--gtest_filter=IcebergOrders.ReplenishmentResetsTimePriority" "--gtest_also_run_disabled_tests"
Directory: /Users/khushalarora/Documents/Career/Project_1/lob-engine
"IcebergOrders.ReplenishmentResetsTimePriority" start time: Apr 29 15:55 PDT
Output:
----------------------------------------------------------
Note: Google Test filter = IcebergOrders.ReplenishmentResetsTimePriority
[==========] Running 1 test from 1 test suite.
[----------] Global test environment set-up.
[----------] 1 test from IcebergOrders
[ RUN      ] IcebergOrders.ReplenishmentResetsTimePriority
[       OK ] IcebergOrders.ReplenishmentResetsTimePriority (0 ms)
[----------] 1 test from IcebergOrders (0 ms total)

[----------] Global test environment tear-down
[==========] 1 test from 1 test suite ran. (0 ms total)
[  PASSED  ] 1 test.
<end of output>
Test time =   0.00 sec
----------------------------------------------------------
Test Passed.
"IcebergOrders.ReplenishmentResetsTimePriority" end time: Apr 29 15:55 PDT
"IcebergOrders.ReplenishmentResetsTimePriority" time elapsed: 00:00:00
----------------------------------------------------------

56/78 Testing: IcebergOrders.FullExhaustionRemovesOrder
56/78 Test: IcebergOrders.FullExhaustionRemovesOrder
Command: "/Users/khushalarora/Documents/Career/Project_1/lob-engine/build_release/tests/lob_tests" "--gtest_filter=IcebergOrders.FullExhaustionRemovesOrder" "--gtest_also_run_disabled_tests"
Directory: /Users/khushalarora/Documents/Career/Project_1/lob-engine
"IcebergOrders.FullExhaustionRemovesOrder" start time: Apr 29 15:55 PDT
Output:
----------------------------------------------------------
Note: Google Test filter = IcebergOrders.FullExhaustionRemovesOrder
[==========] Running 1 test from 1 test suite.
[----------] Global test environment set-up.
[----------] 1 test from IcebergOrders
[ RUN      ] IcebergOrders.FullExhaustionRemovesOrder
[       OK ] IcebergOrders.FullExhaustionRemovesOrder (0 ms)
[----------] 1 test from IcebergOrders (0 ms total)

[----------] Global test environment tear-down
[==========] 1 test from 1 test suite ran. (0 ms total)
[  PASSED  ] 1 test.
<end of output>
Test time =   0.00 sec
----------------------------------------------------------
Test Passed.
"IcebergOrders.FullExhaustionRemovesOrder" end time: Apr 29 15:55 PDT
"IcebergOrders.FullExhaustionRemovesOrder" time elapsed: 00:00:00
----------------------------------------------------------

57/78 Testing: IcebergOrders.AggressorFillsMultipleReplenishments
57/78 Test: IcebergOrders.AggressorFillsMultipleReplenishments
Command: "/Users/khushalarora/Documents/Career/Project_1/lob-engine/build_release/tests/lob_tests" "--gtest_filter=IcebergOrders.AggressorFillsMultipleReplenishments" "--gtest_also_run_disabled_tests"
Directory: /Users/khushalarora/Documents/Career/Project_1/lob-engine
"IcebergOrders.AggressorFillsMultipleReplenishments" start time: Apr 29 15:55 PDT
Output:
----------------------------------------------------------
Note: Google Test filter = IcebergOrders.AggressorFillsMultipleReplenishments
[==========] Running 1 test from 1 test suite.
[----------] Global test environment set-up.
[----------] 1 test from IcebergOrders
[ RUN      ] IcebergOrders.AggressorFillsMultipleReplenishments
[       OK ] IcebergOrders.AggressorFillsMultipleReplenishments (0 ms)
[----------] 1 test from IcebergOrders (0 ms total)

[----------] Global test environment tear-down
[==========] 1 test from 1 test suite ran. (0 ms total)
[  PASSED  ] 1 test.
<end of output>
Test time =   0.00 sec
----------------------------------------------------------
Test Passed.
"IcebergOrders.AggressorFillsMultipleReplenishments" end time: Apr 29 15:55 PDT
"IcebergOrders.AggressorFillsMultipleReplenishments" time elapsed: 00:00:00
----------------------------------------------------------

58/78 Testing: IcebergOrders.TwoIcebergsFifoRespected
58/78 Test: IcebergOrders.TwoIcebergsFifoRespected
Command: "/Users/khushalarora/Documents/Career/Project_1/lob-engine/build_release/tests/lob_tests" "--gtest_filter=IcebergOrders.TwoIcebergsFifoRespected" "--gtest_also_run_disabled_tests"
Directory: /Users/khushalarora/Documents/Career/Project_1/lob-engine
"IcebergOrders.TwoIcebergsFifoRespected" start time: Apr 29 15:55 PDT
Output:
----------------------------------------------------------
Note: Google Test filter = IcebergOrders.TwoIcebergsFifoRespected
[==========] Running 1 test from 1 test suite.
[----------] Global test environment set-up.
[----------] 1 test from IcebergOrders
[ RUN      ] IcebergOrders.TwoIcebergsFifoRespected
[       OK ] IcebergOrders.TwoIcebergsFifoRespected (0 ms)
[----------] 1 test from IcebergOrders (0 ms total)

[----------] Global test environment tear-down
[==========] 1 test from 1 test suite ran. (0 ms total)
[  PASSED  ] 1 test.
<end of output>
Test time =   0.00 sec
----------------------------------------------------------
Test Passed.
"IcebergOrders.TwoIcebergsFifoRespected" end time: Apr 29 15:55 PDT
"IcebergOrders.TwoIcebergsFifoRespected" time elapsed: 00:00:00
----------------------------------------------------------

59/78 Testing: SpscQueue.PushPopSingleItem
59/78 Test: SpscQueue.PushPopSingleItem
Command: "/Users/khushalarora/Documents/Career/Project_1/lob-engine/build_release/tests/lob_tests" "--gtest_filter=SpscQueue.PushPopSingleItem" "--gtest_also_run_disabled_tests"
Directory: /Users/khushalarora/Documents/Career/Project_1/lob-engine
"SpscQueue.PushPopSingleItem" start time: Apr 29 15:55 PDT
Output:
----------------------------------------------------------
Note: Google Test filter = SpscQueue.PushPopSingleItem
[==========] Running 1 test from 1 test suite.
[----------] Global test environment set-up.
[----------] 1 test from SpscQueue
[ RUN      ] SpscQueue.PushPopSingleItem
[       OK ] SpscQueue.PushPopSingleItem (0 ms)
[----------] 1 test from SpscQueue (0 ms total)

[----------] Global test environment tear-down
[==========] 1 test from 1 test suite ran. (0 ms total)
[  PASSED  ] 1 test.
<end of output>
Test time =   0.00 sec
----------------------------------------------------------
Test Passed.
"SpscQueue.PushPopSingleItem" end time: Apr 29 15:55 PDT
"SpscQueue.PushPopSingleItem" time elapsed: 00:00:00
----------------------------------------------------------

60/78 Testing: SpscQueue.PopEmptyReturnsFalse
60/78 Test: SpscQueue.PopEmptyReturnsFalse
Command: "/Users/khushalarora/Documents/Career/Project_1/lob-engine/build_release/tests/lob_tests" "--gtest_filter=SpscQueue.PopEmptyReturnsFalse" "--gtest_also_run_disabled_tests"
Directory: /Users/khushalarora/Documents/Career/Project_1/lob-engine
"SpscQueue.PopEmptyReturnsFalse" start time: Apr 29 15:55 PDT
Output:
----------------------------------------------------------
Note: Google Test filter = SpscQueue.PopEmptyReturnsFalse
[==========] Running 1 test from 1 test suite.
[----------] Global test environment set-up.
[----------] 1 test from SpscQueue
[ RUN      ] SpscQueue.PopEmptyReturnsFalse
[       OK ] SpscQueue.PopEmptyReturnsFalse (0 ms)
[----------] 1 test from SpscQueue (0 ms total)

[----------] Global test environment tear-down
[==========] 1 test from 1 test suite ran. (0 ms total)
[  PASSED  ] 1 test.
<end of output>
Test time =   0.00 sec
----------------------------------------------------------
Test Passed.
"SpscQueue.PopEmptyReturnsFalse" end time: Apr 29 15:55 PDT
"SpscQueue.PopEmptyReturnsFalse" time elapsed: 00:00:00
----------------------------------------------------------

61/78 Testing: SpscQueue.PushFullReturnsFalse
61/78 Test: SpscQueue.PushFullReturnsFalse
Command: "/Users/khushalarora/Documents/Career/Project_1/lob-engine/build_release/tests/lob_tests" "--gtest_filter=SpscQueue.PushFullReturnsFalse" "--gtest_also_run_disabled_tests"
Directory: /Users/khushalarora/Documents/Career/Project_1/lob-engine
"SpscQueue.PushFullReturnsFalse" start time: Apr 29 15:55 PDT
Output:
----------------------------------------------------------
Note: Google Test filter = SpscQueue.PushFullReturnsFalse
[==========] Running 1 test from 1 test suite.
[----------] Global test environment set-up.
[----------] 1 test from SpscQueue
[ RUN      ] SpscQueue.PushFullReturnsFalse
[       OK ] SpscQueue.PushFullReturnsFalse (0 ms)
[----------] 1 test from SpscQueue (0 ms total)

[----------] Global test environment tear-down
[==========] 1 test from 1 test suite ran. (0 ms total)
[  PASSED  ] 1 test.
<end of output>
Test time =   0.00 sec
----------------------------------------------------------
Test Passed.
"SpscQueue.PushFullReturnsFalse" end time: Apr 29 15:55 PDT
"SpscQueue.PushFullReturnsFalse" time elapsed: 00:00:00
----------------------------------------------------------

62/78 Testing: SpscQueue.FifoOrder
62/78 Test: SpscQueue.FifoOrder
Command: "/Users/khushalarora/Documents/Career/Project_1/lob-engine/build_release/tests/lob_tests" "--gtest_filter=SpscQueue.FifoOrder" "--gtest_also_run_disabled_tests"
Directory: /Users/khushalarora/Documents/Career/Project_1/lob-engine
"SpscQueue.FifoOrder" start time: Apr 29 15:55 PDT
Output:
----------------------------------------------------------
Note: Google Test filter = SpscQueue.FifoOrder
[==========] Running 1 test from 1 test suite.
[...]
63/78 Test: CsvReplayReader.ReadsLimitOrders
Command: "/Users/khushalarora/Documents/Career/Project_1/lob-engine/build_release/tests/lob_tests" "--gtest_filter=CsvReplayReader.ReadsLimitOrders" "--gtest_also_run_disabled_tests"
Directory: /Users/khushalarora/Documents/Career/Project_1/lob-engine
"CsvReplayReader.ReadsLimitOrders" start time: Apr 29 15:55 PDT
Output:
----------------------------------------------------------
Note: Google Test filter = CsvReplayReader.ReadsLimitOrders
[==========] Running 1 test from 1 test suite.
[----------] Global test environment set-up.
[----------] 1 test from CsvReplayReader
[ RUN      ] CsvReplayReader.ReadsLimitOrders
[       OK ] CsvReplayReader.ReadsLimitOrders (0 ms)
[----------] 1 test from CsvReplayReader (0 ms total)

[----------] Global test environment tear-down
[==========] 1 test from 1 test suite ran. (0 ms total)
[  PASSED  ] 1 test.
<end of output>
Test time =   0.00 sec
----------------------------------------------------------
Test Passed.
"CsvReplayReader.ReadsLimitOrders" end time: Apr 29 15:55 PDT
"CsvReplayReader.ReadsLimitOrders" time elapsed: 00:00:00
----------------------------------------------------------

64/78 Testing: CsvReplayReader.SkipsMalformedLines
64/78 Test: CsvReplayReader.SkipsMalformedLines
Command: "/Users/khushalarora/Documents/Career/Project_1/lob-engine/build_release/tests/lob_tests" "--gtest_filter=CsvReplayReader.SkipsMalformedLines" "--gtest_also_run_disabled_tests"
Directory: /Users/khushalarora/Documents/Career/Project_1/lob-engine
"CsvReplayReader.SkipsMalformedLines" start time: Apr 29 15:55 PDT
Output:
----------------------------------------------------------
Note: Google Test filter = CsvReplayReader.SkipsMalformedLines
[==========] Running 1 test from 1 test suite.
[----------] Global test environment set-up.
[----------] 1 test from CsvReplayReader
[ RUN      ] CsvReplayReader.SkipsMalformedLines
CsvReplayReader: line 3: Unknown event type: GARBAGE_LINE — skipping
[       OK ] CsvReplayReader.SkipsMalformedLines (0 ms)
[----------] 1 test from CsvReplayReader (0 ms total)

[----------] Global test environment tear-down
[==========] 1 test from 1 test suite ran. (0 ms total)
[  PASSED  ] 1 test.
<end of output>
Test time =   0.00 sec
----------------------------------------------------------
Test Passed.
"CsvReplayReader.SkipsMalformedLines" end time: Apr 29 15:55 PDT
"CsvReplayReader.SkipsMalformedLines" time elapsed: 00:00:00
----------------------------------------------------------

65/78 Testing: SyntheticGenerator.FixedSeedProducesIdenticalSequence
65/78 Test: SyntheticGenerator.FixedSeedProducesIdenticalSequence
Command: "/Users/khushalarora/Documents/Career/Project_1/lob-engine/build_release/tests/lob_tests" "--gtest_filter=SyntheticGenerator.FixedSeedProducesIdenticalSequence" "--gtest_also_run_disabled_tests"
Directory: /Users/khushalarora/Documents/Career/Project_1/lob-engine
"SyntheticGenerator.FixedSeedProducesIdenticalSequence" start time: Apr 29 15:55 PDT
Output:
----------------------------------------------------------
Note: Google Test filter = SyntheticGenerator.FixedSeedProducesIdenticalSequence
[==========] Running 1 test from 1 test suite.
[----------] Global test environment set-up.
[----------] 1 test from SyntheticGenerator
[ RUN      ] SyntheticGenerator.FixedSeedProducesIdenticalSequence
[       OK ] SyntheticGenerator.FixedSeedProducesIdenticalSequence (0 ms)
[----------] 1 test from SyntheticGenerator (0 ms total)

[----------] Global test environment tear-down
[==========] 1 test from 1 test suite ran. (0 ms total)
[  PASSED  ] 1 test.
<end of output>
Test time =   0.00 sec
----------------------------------------------------------
Test Passed.
"SyntheticGenerator.FixedSeedProducesIdenticalSequence" end time: Apr 29 15:55 PDT
"SyntheticGenerator.FixedSeedProducesIdenticalSequence" time elapsed: 00:00:00
----------------------------------------------------------

66/78 Testing: SyntheticGenerator.ZeroCancelProbabilityProducesOnlyNewOrders
66/78 Test: SyntheticGenerator.ZeroCancelProbabilityProducesOnlyNewOrders
Command: "/Users/khushalarora/Documents/Career/Project_1/lob-engine/build_release/tests/lob_tests" "--gtest_filter=SyntheticGenerator.ZeroCancelProbabilityProducesOnlyNewOrders" "--gtest_also_run_disabled_tests"
Directory: /Users/khushalarora/Documents/Career/Project_1/lob-engine
"SyntheticGenerator.ZeroCancelProbabilityProducesOnlyNewOrders" start time: Apr 29 15:55 PDT
Output:
----------------------------------------------------------
Note: Google Test filter = SyntheticGenerator.ZeroCancelProbabilityProducesOnlyNewOrders
[==========] Running 1 test from 1 test suite.
[----------] Global test environment set-up.
[----------] 1 test from SyntheticGenerator
[ RUN      ] SyntheticGenerator.ZeroCancelProbabilityProducesOnlyNewOrders
[       OK ] SyntheticGenerator.ZeroCancelProbabilityProducesOnlyNewOrders (0 ms)
[----------] 1 test from SyntheticGenerator (0 ms total)

[----------] Global test environment tear-down
[==========] 1 test from 1 test suite ran. (0 ms total)
[  PASSED  ] 1 test.
<end of output>
Test time =   0.00 sec
----------------------------------------------------------
Test Passed.
"SyntheticGenerator.ZeroCancelProbabilityProducesOnlyNewOrders" end time: Apr 29 15:55 PDT
"SyntheticGenerator.ZeroCancelProbabilityProducesOnlyNewOrders" time elapsed: 00:00:00
----------------------------------------------------------

67/78 Testing: SyntheticGenerator.RespectsMaxEvents
67/78 Test: SyntheticGenerator.RespectsMaxEvents
Command: "/Users/khushalarora/Documents/Career/Project_1/lob-engine/build_release/tests/lob_tests" "--gtest_filter=SyntheticGenerator.RespectsMaxEvents" "--gtest_also_run_disabled_tests"
Directory: /Users/khushalarora/Documents/Career/Project_1/lob-engine
"SyntheticGenerator.RespectsMaxEvents" start time: Apr 29 15:55 PDT
Output:
----------------------------------------------------------
Note: Google Test filter = SyntheticGenerator.RespectsMaxEvents
[==========] Running 1 test from 1 test suite.
[----------] Global test environment set-up.
[----------] 1 test from SyntheticGenerator
[ RUN      ] SyntheticGenerator.RespectsMaxEvents
[       OK ] SyntheticGenerator.RespectsMaxEvents (0 ms)
[----------] 1 test from SyntheticGenerator (0 ms total)

[----------] Global test environment tear-down
[==========] 1 test from 1 test suite ran. (0 ms total)
[  PASSED  ] 1 test.
<end of output>
Test time =   0.00 sec
----------------------------------------------------------
Test Passed.
"SyntheticGenerator.RespectsMaxEvents" end time: Apr 29 15:55 PDT
"SyntheticGenerator.RespectsMaxEvents" time elapsed: 00:00:00
----------------------------------------------------------

68/78 Testing: Logger.WritesJsonLines
68/78 Test: Logger.WritesJsonLines
Command: "/Users/khushalarora/Documents/Career/Project_1/lob-engine/build_release/tests/lob_tests" "--gtest_filter=Logger.WritesJsonLines" "--gtest_also_run_disabled_tests"
Directory: /Users/khushalarora/Documents/Career/Project_1/lob-engine
"Logger.WritesJsonLines" start time: Apr 29 15:55 PDT
Output:
----------------------------------------------------------
Note: Google Test filter = Logger.WritesJsonLines
[==========] Running 1 test from 1 test suite.
[----------] Global test environment set-up.
[----------] 1 test from Logger
[ RUN      ] Logger.WritesJsonLines
[       OK ] Logger.WritesJsonLines (50 ms)
[----------] 1 test from Logger (50 ms total)

[----------] Global test environment tear-down
[==========] 1 test from 1 test suite ran. (50 ms total)
[  PASSED  ] 1 test.
<end of output>
Test time =   0.05 sec
----------------------------------------------------------
Test Passed.
"Logger.WritesJsonLines" end time: Apr 29 15:55 PDT
"Logger.WritesJsonLines" time elapsed: 00:00:00
----------------------------------------------------------

69/78 Testing: Logger.DropsOnFull
69/78 Test: Logger.DropsOnFull
Command: "/Users/khushalarora/Documents/Career/Project_1/lob-engine/build_release/tests/lob_tests" "--gtest_filter=Logger.DropsOnFull" "--gtest_also_run_disabled_tests"
Directory: /Users/khushalarora/Documents/Career/Project_1/lob-engine
"Logger.DropsOnFull" start time: Apr 29 15:55 PDT
Output:
----------------------------------------------------------
Note: Google Test filter = Logger.DropsOnFull
[==========] Running 1 test from 1 test suite.
[----------] Global test environment set-up.
[----------] 1 test from Logger
[ RUN      ] Logger.DropsOnFull
[       OK ] Logger.DropsOnFull (0 ms)
[----------] 1 test from Logger (0 ms total)

[----------] Global test environment tear-down
[==========] 1 test from 1 test suite ran. (0 ms total)
[  PASSED  ] 1 test.
<end of output>
Test time =   0.00 sec
----------------------------------------------------------
Test Passed.
"Logger.DropsOnFull" end time: Apr 29 15:55 PDT
"Logger.DropsOnFull" time elapsed: 00:00:00
----------------------------------------------------------

70/78 Testing: Logger.JoinsCleanlyOnDestruction
70/78 Test: Logger.JoinsCleanlyOnDestruction
Command: "/Users/khushalarora/Documents/Career/Project_1/lob-engine/build_release/tests/lob_tests" "--gtest_filter=Logger.JoinsCleanlyOnDestruction" "--gtest_also_run_disabled_tests"
Directory: /Users/khushalarora/Documents/Career/Project_1/lob-engine
"Logger.JoinsCleanlyOnDestruction" start time: Apr 29 15:55 PDT
Output:
----------------------------------------------------------
Note: Google Test filter = Logger.JoinsCleanlyOnDestruction
[==========] Running 1 test from 1 test suite.
[----------] Global test environment set-up.
[----------] 1 test from Logger
[ RUN      ] Logger.JoinsCleanlyOnDestruction
[       OK ] Logger.JoinsCleanlyOnDestruction (0 ms)
[----------] 1 test from Logger (0 ms total)

[----------] Global test environment tear-down
[==========] 1 test from 1 test suite ran. (0 ms total)
[  PASSED  ] 1 test.
<end of output>
Test time =   0.00 sec
----------------------------------------------------------
Test Passed.
"Logger.JoinsCleanlyOnDestruction" end time: Apr 29 15:55 PDT
"Logger.JoinsCleanlyOnDestruction" time elapsed: 00:00:00
----------------------------------------------------------

71/78 Testing: LatencyHistogram.RecordAndPercentile
71/78 Test: LatencyHistogram.RecordAndPercentile
Command: "/Users/khushalarora/Documents/Career/Project_1/lob-engine/build_release/tests/lob_tests" "--gtest_filter=LatencyHistogram.RecordAndPercentile" "--gtest_also_run_disabled_tests"
Directory: /Users/khushalarora/Documents/Career/Project_1/lob-engine
"LatencyHistogram.RecordAndPercentile" start time: Apr 29 15:55 PDT
Output:
----------------------------------------------------------
Note: Google Test filter = LatencyHistogram.RecordAndPercentile
[==========] Running 1 test from 1 test suite.
[----------] Global test environment set-up.
[----------] 1 test from LatencyHistogram
[ RUN      ] LatencyHistogram.RecordAndPercentile
[       OK ] LatencyHistogram.RecordAndPercentile (0 ms)
[----------] 1 test from LatencyHistogram (0 ms total)

[----------] Global test environment tear-down
[==========] 1 test from 1 test suite ran. (0 ms total)
[  PASSED  ] 1 test.
<end of output>
Test time =   0.00 sec
----------------------------------------------------------
Test Passed.
"LatencyHistogram.RecordAndPercentile" end time: Apr 29 15:55 PDT
"LatencyHistogram.RecordAndPercentile" time elapsed: 00:00:00
----------------------------------------------------------

72/78 Testing: LatencyHistogram.Reset
72/78 Test: LatencyHistogram.Reset
Command: "/Users/khushalarora/Documents/Career/Project_1/lob-engine/build_release/tests/lob_tests" "--gtest_filter=LatencyHistogram.Reset" "--gtest_also_run_disabled_tests"
Directory: /Users/khushalarora/Documents/Career/Project_1/lob-engine
"LatencyHistogram.Reset" start time: Apr 29 15:55 PDT
Output:
----------------------------------------------------------
Note: Google Test filter = LatencyHistogram.Reset
[==========] Running 1 test from 1 test suite.
[----------] Global test environment set-up.
[----------] 1 test from LatencyHistogram
[ RUN      ] LatencyHistogram.Reset
[       OK ] LatencyHistogram.Reset (0 ms)
[----------] 1 test from LatencyHistogram (0 ms total)

[----------] Global test environment tear-down
[==========] 1 test from 1 test suite ran. (0 ms total)
[  PASSED  ] 1 test.
<end of output>
Test time =   0.00 sec
----------------------------------------------------------
Test Passed.
"LatencyHistogram.Reset" end time: Apr 29 15:55 PDT
"LatencyHistogram.Reset" time elapsed: 00:00:00
----------------------------------------------------------

73/78 Testing: Metrics.CountersIncrement
73/78 Test: Metrics.CountersIncrement
Command: "/Users/khushalarora/Documents/Career/Project_1/lob-engine/build_release/tests/lob_tests" "--gtest_filter=Metrics.CountersIncrement" "--gtest_also_run_disabled_tests"
Directory: /Users/khushalarora/Documents/Career/Project_1/lob-engine
"Metrics.CountersIncrement" start time: Apr 29 15:55 PDT
Output:
----------------------------------------------------------
Note: Google Test filter = Metrics.CountersIncrement
[==========] Running 1 test from 1 test suite.
[----------] Global test environment set-up.
[----------] 1 test from Metrics
[ RUN      ] Metrics.CountersIncrement
[       OK ] Metrics.CountersIncrement (0 ms)
[----------] 1 test from Metrics (0 ms total)

[----------] Global test environment tear-down
[==========] 1 test from 1 test suite ran. (0 ms total)
[  PASSED  ] 1 test.
<end of output>
Test time =   0.00 sec
----------------------------------------------------------
Test Passed.
"Metrics.CountersIncrement" end time: Apr 29 15:55 PDT
"Metrics.CountersIncrement" time elapsed: 00:00:00
----------------------------------------------------------

74/78 Testing: Snapshot.RoundTripPreservesState
74/78 Test: Snapshot.RoundTripPreservesState
Command: "/Users/khushalarora/Documents/Career/Project_1/lob-engine/build_release/tests/lob_tests" "--gtest_filter=Snapshot.RoundTripPreservesState" "--gtest_also_run_disabled_tests"
Directory: /Users/khushalarora/Documents/Career/Project_1/lob-engine
"Snapshot.RoundTripPreservesState" start time: Apr 29 15:55 PDT
Output:
----------------------------------------------------------
Note: Google Test filter = Snapshot.RoundTripPreservesState
[==========] Running 1 test from 1 test suite.
[----------] Global test environment set-up.
[----------] 1 test from Snapshot
[ RUN      ] Snapshot.RoundTripPreservesState
[       OK ] Snapshot.RoundTripPreservesState (0 ms)
[----------] 1 test from Snapshot (0 ms total)

[----------] Global test environment tear-down
[==========] 1 test from 1 test suite ran. (0 ms total)
[  PASSED  ] 1 test.
<end of output>
Test time =   0.00 sec
----------------------------------------------------------
Test Passed.
"Snapshot.RoundTripPreservesState" end time: Apr 29 15:55 PDT
"Snapshot.RoundTripPreservesState" time elapsed: 00:00:00
----------------------------------------------------------

75/78 Testing: Replay.BasicLimitDeterministic
75/78 Test: Replay.BasicLimitDeterministic
Command: "/Users/khushalarora/Documents/Career/Project_1/lob-engine/build_release/tests/lob_tests" "--gtest_filter=Replay.BasicLimitDeterministic" "--gtest_also_run_disabled_tests"
Directory: /Users/khushalarora/Documents/Career/Project_1/lob-engine
"Replay.BasicLimitDeterministic" start time: Apr 29 15:55 PDT
Output:
----------------------------------------------------------
Note: Google Test filter = Replay.BasicLimitDeterministic
[==========] Running 1 test from 1 test suite.
[----------] Global test environment set-up.
[----------] 1 test from Replay
[ RUN      ] Replay.BasicLimitDeterministic
[       OK ] Replay.BasicLimitDeterministic (0 ms)
[----------] 1 test from Replay (0 ms total)

[----------] Global test environment tear-down
[==========] 1 test from 1 test suite ran. (0 ms total)
[  PASSED  ] 1 test.
<end of output>
Test time =   0.00 sec
----------------------------------------------------------
Test Passed.
"Replay.BasicLimitDeterministic" end time: Apr 29 15:55 PDT
"Replay.BasicLimitDeterministic" time elapsed: 00:00:00
----------------------------------------------------------

76/78 Testing: Replay.BasicLimitProducesTrades
76/78 Test: Replay.BasicLimitProducesTrades
Command: "/Users/khushalarora/Documents/Career/Project_1/lob-engine/build_release/tests/lob_tests" "--gtest_filter=Replay.BasicLimitProducesTrades" "--gtest_also_run_disabled_tests"
Directory: /Users/khushalarora/Documents/Career/Project_1/lob-engine
"Replay.BasicLimitProducesTrades" start time: Apr 29 15:55 PDT
Output:
----------------------------------------------------------
Note: Google Test filter = Replay.BasicLimitProducesTrades
[==========] Running 1 test from 1 test suite.
[----------] Global test environment set-up.
[----------] 1 test from Replay
[ RUN      ] Replay.BasicLimitProducesTrades
[       OK ] Replay.BasicLimitProducesTrades (0 ms)
[----------] 1 test from Replay (0 ms total)

[----------] Global test environment tear-down
[==========] 1 test from 1 test suite ran. (0 ms total)
[  PASSED  ] 1 test.
<end of output>
Test time =   0.00 sec
----------------------------------------------------------
Test Passed.
"Replay.BasicLimitProducesTrades" end time: Apr 29 15:55 PDT
"Replay.BasicLimitProducesTrades" time elapsed: 00:00:00
----------------------------------------------------------

77/78 Testing: Replay.StopTriggerDeterministic
77/78 Test: Replay.StopTriggerDeterministic
Command: "/Users/khushalarora/Documents/Career/Project_1/lob-engine/build_release/tests/lob_tests" "--gtest_filter=Replay.StopTriggerDeterministic" "--gtest_also_run_disabled_tests"
Directory: /Users/khushalarora/Documents/Career/Project_1/lob-engine
"Replay.StopTriggerDeterministic" start time: Apr 29 15:55 PDT
Output:
----------------------------------------------------------
Note: Google Test filter = Replay.StopTriggerDeterministic
[==========] Running 1 test from 1 test suite.
[----------] Global test environment set-up.
[----------] 1 test from Replay
[ RUN      ] Replay.StopTriggerDeterministic
[       OK ] Replay.StopTriggerDeterministic (0 ms)
[----------] 1 test from Replay (0 ms total)

[----------] Global test environment tear-down
[==========] 1 test from 1 test suite ran. (0 ms total)
[  PASSED  ] 1 test.
<end of output>
Test time =   0.00 sec
----------------------------------------------------------
Test Passed.
"Replay.StopTriggerDeterministic" end time: Apr 29 15:55 PDT
"Replay.StopTriggerDeterministic" time elapsed: 00:00:00
----------------------------------------------------------

78/78 Testing: Integration.InvariantCheckOver100kEvents
78/78 Test: Integration.InvariantCheckOver100kEvents
Command: "/Users/khushalarora/Documents/Career/Project_1/lob-engine/build_release/tests/lob_tests" "--gtest_filter=Integration.InvariantCheckOver100kEvents" "--gtest_also_run_disabled_tests"
Directory: /Users/khushalarora/Documents/Career/Project_1/lob-engine
"Integration.InvariantCheckOver100kEvents" start time: Apr 29 15:55 PDT
Output:
----------------------------------------------------------
Note: Google Test filter = Integration.InvariantCheckOver100kEvents
[==========] Running 1 test from 1 test suite.
[----------] Global test environment set-up.
[----------] 1 test from Integration
[ RUN      ] Integration.InvariantCheckOver100kEvents
[       OK ] Integration.InvariantCheckOver100kEvents (68 ms)
[----------] 1 test from Integration (68 ms total)

[----------] Global test environment tear-down
[==========] 1 test from 1 test suite ran. (68 ms total)
[  PASSED  ] 1 test.
<end of output>
Test time =   0.07 sec
----------------------------------------------------------
Test Passed.
"Integration.InvariantCheckOver100kEvents" end time: Apr 29 15:55 PDT
"Integration.InvariantCheckOver100kEvents" time elapsed: 00:00:00
----------------------------------------------------------

End testing: Apr 29 15:55 PDT
